빌드 시작: 2014-07-27 오후 2:49:59
     1>2 노드의 "C:\Users\임재민\Desktop\The-Powder-Toy-master\The-Powder-Toy-master\tpt++.vcxproj" 프로젝트(Build 대상)입니다.
     1>ClCompile:
         C:\Program Files (x86)\Microsoft Visual Studio 11.0\VC\bin\CL.exe /c /Zi /nologo /W0 /WX- /Od /Oy- /D WIN32 /D _DEBUG /D _WINDOWS /D WIN /D X86 /D X86_SSE2 /D USE_SDL /D STABLE /D GRAVFFT /D LUACONSOLE /D _SCL_SECURE_NO_WARNINGS /Gm /EHsc /RTC1 /MDd /GS /fp:fast /Zc:wchar_t /Zc:forScope /Fo"Debug\\" /Fd"Debug\vc110.pdb" /Gd /TP /analyze- /errorReport:prompt generated\ToolClasses.cpp src\gui\game\GameModel.cpp src\lua\LuaScriptInterface.cpp src\simulation\Simulation.cpp src\simulation\simtools\AirTool.cpp src\simulation\simtools\Cool.cpp src\simulation\simtools\Heat.cpp src\simulation\simtools\NGrv.cpp src\simulation\simtools\PGrv.cpp src\simulation\simtools\SimTool.cpp src\simulation\simtools\Vac.cpp
         Vac.cpp
     1>C:\Users\임재민\Desktop\The-Powder-Toy-master\The-Powder-Toy-master\generated\ToolClasses.h(4): fatal error C1083: 포함 파일을 열 수 없습니다. 'simulation/Tools.h': No such file or directory
         SimTool.cpp
     1>C:\Users\임재민\Desktop\The-Powder-Toy-master\The-Powder-Toy-master\generated\ToolClasses.h(4): fatal error C1083: 포함 파일을 열 수 없습니다. 'simulation/Tools.h': No such file or directory
         PGrv.cpp
     1>C:\Users\임재민\Desktop\The-Powder-Toy-master\The-Powder-Toy-master\generated\ToolClasses.h(4): fatal error C1083: 포함 파일을 열 수 없습니다. 'simulation/Tools.h': No such file or directory
         NGrv.cpp
     1>C:\Users\임재민\Desktop\The-Powder-Toy-master\The-Powder-Toy-master\generated\ToolClasses.h(4): fatal error C1083: 포함 파일을 열 수 없습니다. 'simulation/Tools.h': No such file or directory
         Heat.cpp
     1>C:\Users\임재민\Desktop\The-Powder-Toy-master\The-Powder-Toy-master\generated\ToolClasses.h(4): fatal error C1083: 포함 파일을 열 수 없습니다. 'simulation/Tools.h': No such file or directory
         Cool.cpp
     1>C:\Users\임재민\Desktop\The-Powder-Toy-master\The-Powder-Toy-master\generated\ToolClasses.h(4): fatal error C1083: 포함 파일을 열 수 없습니다. 'simulation/Tools.h': No such file or directory
         AirTool.cpp
     1>C:\Users\임재민\Desktop\The-Powder-Toy-master\The-Powder-Toy-master\generated\ToolClasses.h(4): fatal error C1083: 포함 파일을 열 수 없습니다. 'simulation/Tools.h': No such file or directory
         Simulation.cpp
     1>C:\Users\임재민\Desktop\The-Powder-Toy-master\The-Powder-Toy-master\generated\ToolClasses.h(4): fatal error C1083: 포함 파일을 열 수 없습니다. 'simulation/Tools.h': No such file or directory
         LuaScriptInterface.cpp
     1>C:\Users\임재민\Desktop\The-Powder-Toy-master\The-Powder-Toy-master\generated\ToolClasses.h(4): fatal error C1083: 포함 파일을 열 수 없습니다. 'simulation/Tools.h': No such file or directory
         GameModel.cpp
     1>C:\Users\임재민\Desktop\The-Powder-Toy-master\The-Powder-Toy-master\generated\ToolClasses.h(4): fatal error C1083: 포함 파일을 열 수 없습니다. 'simulation/Tools.h': No such file or directory
         ToolClasses.cpp
     1>c:\users\임재민\desktop\the-powder-toy-master\the-powder-toy-master\generated\ToolClasses.h(4): fatal error C1083: 포함 파일을 열 수 없습니다. 'simulation/Tools.h': No such file or directory
         코드를 생성하고 있습니다...
     1>"C:\Users\임재민\Desktop\The-Powder-Toy-master\The-Powder-Toy-master\tpt++.vcxproj" 프로젝트를 빌드했습니다(Build 대상). - 실패

빌드하지 못했습니다.

경과 시간: 00:00:12.06
