C:\USERS\HAHA\DESKTOP\모드\한글화\RELEASE\GRAPHICS.OBJ
C:\USERS\HAHA\DESKTOP\모드\한글화\RELEASE\FORMAT.OBJ
C:\USERS\HAHA\DESKTOP\모드\한글화\RELEASE\ELEMENTPOPULATION.OBJ
C:\USERS\HAHA\DESKTOP\모드\한글화\RELEASE\SAVEINFO.OBJ
C:\USERS\HAHA\DESKTOP\모드\한글화\RELEASE\SAVEFILE.OBJ
C:\USERS\HAHA\DESKTOP\모드\한글화\RELEASE\WEBREQUEST.OBJ
C:\USERS\HAHA\DESKTOP\모드\한글화\RELEASE\THUMBRENDERREQUEST.OBJ
C:\USERS\HAHA\DESKTOP\모드\한글화\RELEASE\REQUESTBROKER.OBJ
C:\USERS\HAHA\DESKTOP\모드\한글화\RELEASE\IMAGEREQUEST.OBJ
C:\USERS\HAHA\DESKTOP\모드\한글화\RELEASE\APIREQUEST.OBJ
C:\USERS\HAHA\DESKTOP\모드\한글화\RELEASE\MD5.OBJ
C:\USERS\HAHA\DESKTOP\모드\한글화\RELEASE\HTTP.OBJ
C:\USERS\HAHA\DESKTOP\모드\한글화\RELEASE\GAMESAVE.OBJ
C:\USERS\HAHA\DESKTOP\모드\한글화\RELEASE\CLIENT.OBJ
C:\USERS\HAHA\DESKTOP\모드\한글화\RELEASE\WRITER.OBJ
C:\USERS\HAHA\DESKTOP\모드\한글화\RELEASE\READER.OBJ
C:\USERS\HAHA\DESKTOP\모드\한글화\RELEASE\ELEMENTS.OBJ
C:\USERS\HAHA\DESKTOP\모드\한글화\RELEASE\BSON.OBJ
C:\USERS\HAHA\DESKTOP\모드\한글화\RELEASE\TOOLCLASSES.OBJ
C:\USERS\HAHA\DESKTOP\모드\한글화\RELEASE\ELEMENTCLASSES.OBJ
C:\USERS\HAHA\DESKTOP\모드\한글화\RELEASE\SAMPLETOOL.OBJ
C:\USERS\HAHA\DESKTOP\모드\한글화\RELEASE\PROPERTYTOOL.OBJ
C:\USERS\HAHA\DESKTOP\모드\한글화\RELEASE\GAMEVIEW.OBJ
C:\USERS\HAHA\DESKTOP\모드\한글화\RELEASE\GAMEMODEL.OBJ
C:\USERS\HAHA\DESKTOP\모드\한글화\RELEASE\GAMECONTROLLER.OBJ
C:\USERS\HAHA\DESKTOP\모드\한글화\RELEASE\BRUSH.OBJ
C:\USERS\HAHA\DESKTOP\모드\한글화\RELEASE\FILEBROWSERACTIVITY.OBJ
C:\USERS\HAHA\DESKTOP\모드\한글화\RELEASE\ELEMENTSEARCHACTIVITY.OBJ
C:\USERS\HAHA\DESKTOP\모드\한글화\RELEASE\TEXTPROMPT.OBJ
C:\USERS\HAHA\DESKTOP\모드\한글화\RELEASE\SAVEIDMESSAGE.OBJ
C:\USERS\HAHA\DESKTOP\모드\한글화\RELEASE\INFORMATIONMESSAGE.OBJ
C:\USERS\HAHA\DESKTOP\모드\한글화\RELEASE\ERRORMESSAGE.OBJ
C:\USERS\HAHA\DESKTOP\모드\한글화\RELEASE\CONFIRMPROMPT.OBJ
C:\USERS\HAHA\DESKTOP\모드\한글화\RELEASE\CONSOLEVIEW.OBJ
C:\USERS\HAHA\DESKTOP\모드\한글화\RELEASE\CONSOLEMODEL.OBJ
C:\USERS\HAHA\DESKTOP\모드\한글화\RELEASE\CONSOLECONTROLLER.OBJ
C:\USERS\HAHA\DESKTOP\모드\한글화\RELEASE\COLOURPICKERACTIVITY.OBJ
C:\USERS\HAHA\DESKTOP\모드\한글화\RELEASE\RENDERER.OBJ
C:\USERS\HAHA\DESKTOP\모드\한글화\RELEASE\RASTERGRAPHICS.OBJ
C:\USERS\HAHA\DESKTOP\모드\한글화\RELEASE\OPENGLGRAPHICS.OBJ
C:\USERS\HAHA\DESKTOP\모드\한글화\RELEASE\SPINNER.OBJ
C:\USERS\HAHA\DESKTOP\모드\한글화\RELEASE\SLIDER.OBJ
C:\USERS\HAHA\DESKTOP\모드\한글화\RELEASE\SCROLLPANEL.OBJ
C:\USERS\HAHA\DESKTOP\모드\한글화\RELEASE\SAVEBUTTON.OBJ
C:\USERS\HAHA\DESKTOP\모드\한글화\RELEASE\RICHLABEL.OBJ
C:\USERS\HAHA\DESKTOP\모드\한글화\RELEASE\PROGRESSBAR.OBJ
C:\USERS\HAHA\DESKTOP\모드\한글화\RELEASE\PANEL.OBJ
C:\USERS\HAHA\DESKTOP\모드\한글화\RELEASE\LABEL.OBJ
C:\USERS\HAHA\DESKTOP\모드\한글화\RELEASE\ENGINE.OBJ
C:\USERS\HAHA\DESKTOP\모드\한글화\RELEASE\DROPDOWN.OBJ
C:\USERS\HAHA\DESKTOP\모드\한글화\RELEASE\COPYTEXTBUTTON.OBJ
C:\USERS\HAHA\DESKTOP\모드\한글화\RELEASE\CONTEXTMENU.OBJ
C:\USERS\HAHA\DESKTOP\모드\한글화\RELEASE\COMPONENT.OBJ
C:\USERS\HAHA\DESKTOP\모드\한글화\RELEASE\CHECKBOX.OBJ
C:\USERS\HAHA\DESKTOP\모드\한글화\RELEASE\BUTTON.OBJ
C:\USERS\HAHA\DESKTOP\모드\한글화\RELEASE\AVATARBUTTON.OBJ
C:\USERS\HAHA\DESKTOP\모드\한글화\RELEASE\APPEARANCE.OBJ
C:\USERS\HAHA\DESKTOP\모드\한글화\RELEASE\TOOLBUTTON.OBJ
C:\USERS\HAHA\DESKTOP\모드\한글화\RELEASE\TOOL.OBJ
C:\USERS\HAHA\DESKTOP\모드\한글화\RELEASE\SIGNTOOL.OBJ
C:\USERS\HAHA\DESKTOP\모드\한글화\RELEASE\SERVERSAVEACTIVITY.OBJ
C:\USERS\HAHA\DESKTOP\모드\한글화\RELEASE\LOCALSAVEACTIVITY.OBJ
C:\USERS\HAHA\DESKTOP\모드\한글화\RELEASE\RENDERVIEW.OBJ
C:\USERS\HAHA\DESKTOP\모드\한글화\RELEASE\RENDERMODEL.OBJ
C:\USERS\HAHA\DESKTOP\모드\한글화\RELEASE\RENDERCONTROLLER.OBJ
C:\USERS\HAHA\DESKTOP\모드\한글화\RELEASE\PROFILEACTIVITY.OBJ
C:\USERS\HAHA\DESKTOP\모드\한글화\RELEASE\PREVIEWVIEW.OBJ
C:\USERS\HAHA\DESKTOP\모드\한글화\RELEASE\PREVIEWMODEL.OBJ
C:\USERS\HAHA\DESKTOP\모드\한글화\RELEASE\PREVIEWCONTROLLER.OBJ
C:\USERS\HAHA\DESKTOP\모드\한글화\RELEASE\OPTIONSVIEW.OBJ
C:\USERS\HAHA\DESKTOP\모드\한글화\RELEASE\OPTIONSMODEL.OBJ
C:\USERS\HAHA\DESKTOP\모드\한글화\RELEASE\OPTIONSCONTROLLER.OBJ
C:\USERS\HAHA\DESKTOP\모드\한글화\RELEASE\LOGINVIEW.OBJ
C:\USERS\HAHA\DESKTOP\모드\한글화\RELEASE\LOGINMODEL.OBJ
C:\USERS\HAHA\DESKTOP\모드\한글화\RELEASE\LOGINCONTROLLER.OBJ
C:\USERS\HAHA\DESKTOP\모드\한글화\RELEASE\LOCALBROWSERVIEW.OBJ
C:\USERS\HAHA\DESKTOP\모드\한글화\RELEASE\LOCALBROWSERMODEL.OBJ
C:\USERS\HAHA\DESKTOP\모드\한글화\RELEASE\LOCALBROWSERCONTROLLER.OBJ
C:\USERS\HAHA\DESKTOP\모드\한글화\RELEASE\WINDOW.OBJ
C:\USERS\HAHA\DESKTOP\모드\한글화\RELEASE\TEXTBOX.OBJ
C:\USERS\HAHA\DESKTOP\모드\한글화\RELEASE\LUATEXTBOX.OBJ
C:\USERS\HAHA\DESKTOP\모드\한글화\RELEASE\LUASLIDER.OBJ
C:\USERS\HAHA\DESKTOP\모드\한글화\RELEASE\LUASCRIPTINTERFACE.OBJ
C:\USERS\HAHA\DESKTOP\모드\한글화\RELEASE\LUAPROGRESSBAR.OBJ
C:\USERS\HAHA\DESKTOP\모드\한글화\RELEASE\LUALABEL.OBJ
C:\USERS\HAHA\DESKTOP\모드\한글화\RELEASE\LUACOMPONENT.OBJ
C:\USERS\HAHA\DESKTOP\모드\한글화\RELEASE\LUACHECKBOX.OBJ
C:\USERS\HAHA\DESKTOP\모드\한글화\RELEASE\LUABUTTON.OBJ
C:\USERS\HAHA\DESKTOP\모드\한글화\RELEASE\LUABIT.OBJ
C:\USERS\HAHA\DESKTOP\모드\한글화\RELEASE\LEGACYLUAAPI.OBJ
C:\USERS\HAHA\DESKTOP\모드\한글화\RELEASE\COMMANDINTERFACE.OBJ
C:\USERS\HAHA\DESKTOP\모드\한글화\RELEASE\UPDATEACTIVITY.OBJ
C:\USERS\HAHA\DESKTOP\모드\한글화\RELEASE\TAGSVIEW.OBJ
C:\USERS\HAHA\DESKTOP\모드\한글화\RELEASE\TAGSMODEL.OBJ
C:\USERS\HAHA\DESKTOP\모드\한글화\RELEASE\TAGSCONTROLLER.OBJ
C:\USERS\HAHA\DESKTOP\모드\한글화\RELEASE\STYLE.OBJ
C:\USERS\HAHA\DESKTOP\모드\한글화\RELEASE\THUMBNAIL.OBJ
C:\USERS\HAHA\DESKTOP\모드\한글화\RELEASE\SEARCHVIEW.OBJ
C:\USERS\HAHA\DESKTOP\모드\한글화\RELEASE\SEARCHMODEL.OBJ
C:\USERS\HAHA\DESKTOP\모드\한글화\RELEASE\SEARCHCONTROLLER.OBJ
C:\USERS\HAHA\DESKTOP\모드\한글화\RELEASE\BCOL.OBJ
C:\USERS\HAHA\DESKTOP\모드\한글화\RELEASE\BCLN.OBJ
C:\USERS\HAHA\DESKTOP\모드\한글화\RELEASE\BANG.OBJ
C:\USERS\HAHA\DESKTOP\모드\한글화\RELEASE\ARAY.OBJ
C:\USERS\HAHA\DESKTOP\모드\한글화\RELEASE\ANAR.OBJ
C:\USERS\HAHA\DESKTOP\모드\한글화\RELEASE\AMTR.OBJ
C:\USERS\HAHA\DESKTOP\모드\한글화\RELEASE\ACID.OBJ
C:\USERS\HAHA\DESKTOP\모드\한글화\RELEASE\ACEL.OBJ
C:\USERS\HAHA\DESKTOP\모드\한글화\RELEASE\146.OBJ
C:\USERS\HAHA\DESKTOP\모드\한글화\RELEASE\116.OBJ
C:\USERS\HAHA\DESKTOP\모드\한글화\RELEASE\AIR.OBJ
C:\USERS\HAHA\DESKTOP\모드\한글화\RELEASE\RESAMPLER.OBJ
C:\USERS\HAHA\DESKTOP\모드\한글화\RELEASE\POWDERTOYSDL.OBJ
C:\USERS\HAHA\DESKTOP\모드\한글화\RELEASE\POWDERTOYRENDERER.OBJ
C:\USERS\HAHA\DESKTOP\모드\한글화\RELEASE\POWDERTOYJAVA.OBJ
C:\USERS\HAHA\DESKTOP\모드\한글화\RELEASE\OPENGLCANVASWIN32.OBJ
C:\USERS\HAHA\DESKTOP\모드\한글화\RELEASE\MISC.OBJ
C:\USERS\HAHA\DESKTOP\모드\한글화\RELEASE\TPTSTYPES.OBJ
C:\USERS\HAHA\DESKTOP\모드\한글화\RELEASE\TPTSCRIPTINTERFACE.OBJ
C:\USERS\HAHA\DESKTOP\모드\한글화\RELEASE\LUAWINDOW.OBJ
C:\USERS\HAHA\DESKTOP\모드\한글화\RELEASE\CLST.OBJ
C:\USERS\HAHA\DESKTOP\모드\한글화\RELEASE\CLNE.OBJ
C:\USERS\HAHA\DESKTOP\모드\한글화\RELEASE\CFLM.OBJ
C:\USERS\HAHA\DESKTOP\모드\한글화\RELEASE\CBNW.OBJ
C:\USERS\HAHA\DESKTOP\모드\한글화\RELEASE\CAUS.OBJ
C:\USERS\HAHA\DESKTOP\모드\한글화\RELEASE\C5.OBJ
C:\USERS\HAHA\DESKTOP\모드\한글화\RELEASE\BVBR.OBJ
C:\USERS\HAHA\DESKTOP\모드\한글화\RELEASE\BTRY.OBJ
C:\USERS\HAHA\DESKTOP\모드\한글화\RELEASE\BRMT.OBJ
C:\USERS\HAHA\DESKTOP\모드\한글화\RELEASE\BREC.OBJ
C:\USERS\HAHA\DESKTOP\모드\한글화\RELEASE\BRCK.OBJ
C:\USERS\HAHA\DESKTOP\모드\한글화\RELEASE\BRAY.OBJ
C:\USERS\HAHA\DESKTOP\모드\한글화\RELEASE\BOYL.OBJ
C:\USERS\HAHA\DESKTOP\모드\한글화\RELEASE\BOMB.OBJ
C:\USERS\HAHA\DESKTOP\모드\한글화\RELEASE\BMTL.OBJ
C:\USERS\HAHA\DESKTOP\모드\한글화\RELEASE\BIZRS.OBJ
C:\USERS\HAHA\DESKTOP\모드\한글화\RELEASE\BIZRG.OBJ
C:\USERS\HAHA\DESKTOP\모드\한글화\RELEASE\BIZR.OBJ
C:\USERS\HAHA\DESKTOP\모드\한글화\RELEASE\BHOL.OBJ
C:\USERS\HAHA\DESKTOP\모드\한글화\RELEASE\BGLA.OBJ
C:\USERS\HAHA\DESKTOP\모드\한글화\RELEASE\EMBR.OBJ
C:\USERS\HAHA\DESKTOP\모드\한글화\RELEASE\ELEMENT.OBJ
C:\USERS\HAHA\DESKTOP\모드\한글화\RELEASE\ELEC.OBJ
C:\USERS\HAHA\DESKTOP\모드\한글화\RELEASE\DYST.OBJ
C:\USERS\HAHA\DESKTOP\모드\한글화\RELEASE\DUST.OBJ
C:\USERS\HAHA\DESKTOP\모드\한글화\RELEASE\DTEC.OBJ
C:\USERS\HAHA\DESKTOP\모드\한글화\RELEASE\DSTW.OBJ
C:\USERS\HAHA\DESKTOP\모드\한글화\RELEASE\DRIC.OBJ
C:\USERS\HAHA\DESKTOP\모드\한글화\RELEASE\DMND.OBJ
C:\USERS\HAHA\DESKTOP\모드\한글화\RELEASE\DMG.OBJ
C:\USERS\HAHA\DESKTOP\모드\한글화\RELEASE\DLAY.OBJ
C:\USERS\HAHA\DESKTOP\모드\한글화\RELEASE\DEUT.OBJ
C:\USERS\HAHA\DESKTOP\모드\한글화\RELEASE\DEST.OBJ
C:\USERS\HAHA\DESKTOP\모드\한글화\RELEASE\DESL.OBJ
C:\USERS\HAHA\DESKTOP\모드\한글화\RELEASE\DCEL.OBJ
C:\USERS\HAHA\DESKTOP\모드\한글화\RELEASE\CRAY.OBJ
C:\USERS\HAHA\DESKTOP\모드\한글화\RELEASE\CONV.OBJ
C:\USERS\HAHA\DESKTOP\모드\한글화\RELEASE\COAL.OBJ
C:\USERS\HAHA\DESKTOP\모드\한글화\RELEASE\CO2.OBJ
C:\USERS\HAHA\DESKTOP\모드\한글화\RELEASE\CNCT.OBJ
C:\USERS\HAHA\DESKTOP\모드\한글화\RELEASE\GLOW.OBJ
C:\USERS\HAHA\DESKTOP\모드\한글화\RELEASE\GLAS.OBJ
C:\USERS\HAHA\DESKTOP\모드\한글화\RELEASE\GEL.OBJ
C:\USERS\HAHA\DESKTOP\모드\한글화\RELEASE\GBMB.OBJ
C:\USERS\HAHA\DESKTOP\모드\한글화\RELEASE\GAS.OBJ
C:\USERS\HAHA\DESKTOP\모드\한글화\RELEASE\FWRK.OBJ
C:\USERS\HAHA\DESKTOP\모드\한글화\RELEASE\FUSE.OBJ
C:\USERS\HAHA\DESKTOP\모드\한글화\RELEASE\FSEP.OBJ
C:\USERS\HAHA\DESKTOP\모드\한글화\RELEASE\FRZZ.OBJ
C:\USERS\HAHA\DESKTOP\모드\한글화\RELEASE\FRZW.OBJ
C:\USERS\HAHA\DESKTOP\모드\한글화\RELEASE\FRME.OBJ
C:\USERS\HAHA\DESKTOP\모드\한글화\RELEASE\FRAY.OBJ
C:\USERS\HAHA\DESKTOP\모드\한글화\RELEASE\FOG.OBJ
C:\USERS\HAHA\DESKTOP\모드\한글화\RELEASE\FIRW.OBJ
C:\USERS\HAHA\DESKTOP\모드\한글화\RELEASE\FIRE.OBJ
C:\USERS\HAHA\DESKTOP\모드\한글화\RELEASE\FILT.OBJ
C:\USERS\HAHA\DESKTOP\모드\한글화\RELEASE\FIGH.OBJ
C:\USERS\HAHA\DESKTOP\모드\한글화\RELEASE\EXOT.OBJ
C:\USERS\HAHA\DESKTOP\모드\한글화\RELEASE\ETRD.OBJ
C:\USERS\HAHA\DESKTOP\모드\한글화\RELEASE\EMP.OBJ
C:\USERS\HAHA\DESKTOP\모드\한글화\RELEASE\LIGH.OBJ
C:\USERS\HAHA\DESKTOP\모드\한글화\RELEASE\LIFE.OBJ
C:\USERS\HAHA\DESKTOP\모드\한글화\RELEASE\LCRY.OBJ
C:\USERS\HAHA\DESKTOP\모드\한글화\RELEASE\LAVA.OBJ
C:\USERS\HAHA\DESKTOP\모드\한글화\RELEASE\ISZS.OBJ
C:\USERS\HAHA\DESKTOP\모드\한글화\RELEASE\ISOZ.OBJ
C:\USERS\HAHA\DESKTOP\모드\한글화\RELEASE\IRON.OBJ
C:\USERS\HAHA\DESKTOP\모드\한글화\RELEASE\INWR.OBJ
C:\USERS\HAHA\DESKTOP\모드\한글화\RELEASE\INVIS.OBJ
C:\USERS\HAHA\DESKTOP\모드\한글화\RELEASE\INST.OBJ
C:\USERS\HAHA\DESKTOP\모드\한글화\RELEASE\INSL.OBJ
C:\USERS\HAHA\DESKTOP\모드\한글화\RELEASE\IGNT.OBJ
C:\USERS\HAHA\DESKTOP\모드\한글화\RELEASE\ICEI.OBJ
C:\USERS\HAHA\DESKTOP\모드\한글화\RELEASE\HSWC.OBJ
C:\USERS\HAHA\DESKTOP\모드\한글화\RELEASE\H2.OBJ
C:\USERS\HAHA\DESKTOP\모드\한글화\RELEASE\GUNP.OBJ
C:\USERS\HAHA\DESKTOP\모드\한글화\RELEASE\GRAV.OBJ
C:\USERS\HAHA\DESKTOP\모드\한글화\RELEASE\GPMP.OBJ
C:\USERS\HAHA\DESKTOP\모드\한글화\RELEASE\GOO.OBJ
C:\USERS\HAHA\DESKTOP\모드\한글화\RELEASE\GOLD.OBJ
C:\USERS\HAHA\DESKTOP\모드\한글화\RELEASE\OIL.OBJ
C:\USERS\HAHA\DESKTOP\모드\한글화\RELEASE\O2.OBJ
C:\USERS\HAHA\DESKTOP\모드\한글화\RELEASE\NWHL.OBJ
C:\USERS\HAHA\DESKTOP\모드\한글화\RELEASE\NTCT.OBJ
C:\USERS\HAHA\DESKTOP\모드\한글화\RELEASE\NSCN.OBJ
C:\USERS\HAHA\DESKTOP\모드\한글화\RELEASE\NONE.OBJ
C:\USERS\HAHA\DESKTOP\모드\한글화\RELEASE\NITR.OBJ
C:\USERS\HAHA\DESKTOP\모드\한글화\RELEASE\NICE.OBJ
C:\USERS\HAHA\DESKTOP\모드\한글화\RELEASE\NEUT.OBJ
C:\USERS\HAHA\DESKTOP\모드\한글화\RELEASE\NBLE.OBJ
C:\USERS\HAHA\DESKTOP\모드\한글화\RELEASE\NBHL.OBJ
C:\USERS\HAHA\DESKTOP\모드\한글화\RELEASE\MWAX.OBJ
C:\USERS\HAHA\DESKTOP\모드\한글화\RELEASE\MORT.OBJ
C:\USERS\HAHA\DESKTOP\모드\한글화\RELEASE\METL.OBJ
C:\USERS\HAHA\DESKTOP\모드\한글화\RELEASE\MERC.OBJ
C:\USERS\HAHA\DESKTOP\모드\한글화\RELEASE\LRBD.OBJ
C:\USERS\HAHA\DESKTOP\모드\한글화\RELEASE\LOVE.OBJ
C:\USERS\HAHA\DESKTOP\모드\한글화\RELEASE\LOLZ.OBJ
C:\USERS\HAHA\DESKTOP\모드\한글화\RELEASE\LO2.OBJ
C:\USERS\HAHA\DESKTOP\모드\한글화\RELEASE\LNTG.OBJ
C:\USERS\HAHA\DESKTOP\모드\한글화\RELEASE\PUMP.OBJ
C:\USERS\HAHA\DESKTOP\모드\한글화\RELEASE\PTCT.OBJ
C:\USERS\HAHA\DESKTOP\모드\한글화\RELEASE\PSTS.OBJ
C:\USERS\HAHA\DESKTOP\모드\한글화\RELEASE\PSTN.OBJ
C:\USERS\HAHA\DESKTOP\모드\한글화\RELEASE\PSTE.OBJ
C:\USERS\HAHA\DESKTOP\모드\한글화\RELEASE\PSNS.OBJ
C:\USERS\HAHA\DESKTOP\모드\한글화\RELEASE\PSCN.OBJ
C:\USERS\HAHA\DESKTOP\모드\한글화\RELEASE\PRTO.OBJ
C:\USERS\HAHA\DESKTOP\모드\한글화\RELEASE\PRTI.OBJ
C:\USERS\HAHA\DESKTOP\모드\한글화\RELEASE\PROT.OBJ
C:\USERS\HAHA\DESKTOP\모드\한글화\RELEASE\PQRT.OBJ
C:\USERS\HAHA\DESKTOP\모드\한글화\RELEASE\PPIP.OBJ
C:\USERS\HAHA\DESKTOP\모드\한글화\RELEASE\PLUT.OBJ
C:\USERS\HAHA\DESKTOP\모드\한글화\RELEASE\PLSM.OBJ
C:\USERS\HAHA\DESKTOP\모드\한글화\RELEASE\PLNT.OBJ
C:\USERS\HAHA\DESKTOP\모드\한글화\RELEASE\PLEX.OBJ
C:\USERS\HAHA\DESKTOP\모드\한글화\RELEASE\PIPE.OBJ
C:\USERS\HAHA\DESKTOP\모드\한글화\RELEASE\PHOT.OBJ
C:\USERS\HAHA\DESKTOP\모드\한글화\RELEASE\PCLN.OBJ
C:\USERS\HAHA\DESKTOP\모드\한글화\RELEASE\PBCN.OBJ
C:\USERS\HAHA\DESKTOP\모드\한글화\RELEASE\SPRK.OBJ
C:\USERS\HAHA\DESKTOP\모드\한글화\RELEASE\SPNG.OBJ
C:\USERS\HAHA\DESKTOP\모드\한글화\RELEASE\SPAWN2.OBJ
C:\USERS\HAHA\DESKTOP\모드\한글화\RELEASE\SPAWN.OBJ
C:\USERS\HAHA\DESKTOP\모드\한글화\RELEASE\SOAP.OBJ
C:\USERS\HAHA\DESKTOP\모드\한글화\RELEASE\SNOW.OBJ
C:\USERS\HAHA\DESKTOP\모드\한글화\RELEASE\SMKE.OBJ
C:\USERS\HAHA\DESKTOP\모드\한글화\RELEASE\SLTW.OBJ
C:\USERS\HAHA\DESKTOP\모드\한글화\RELEASE\SING.OBJ
C:\USERS\HAHA\DESKTOP\모드\한글화\RELEASE\SHLD4.OBJ
C:\USERS\HAHA\DESKTOP\모드\한글화\RELEASE\SHLD3.OBJ
C:\USERS\HAHA\DESKTOP\모드\한글화\RELEASE\SHLD2.OBJ
C:\USERS\HAHA\DESKTOP\모드\한글화\RELEASE\SHLD1.OBJ
C:\USERS\HAHA\DESKTOP\모드\한글화\RELEASE\SAND.OBJ
C:\USERS\HAHA\DESKTOP\모드\한글화\RELEASE\SALT.OBJ
C:\USERS\HAHA\DESKTOP\모드\한글화\RELEASE\RIME.OBJ
C:\USERS\HAHA\DESKTOP\모드\한글화\RELEASE\REPL.OBJ
C:\USERS\HAHA\DESKTOP\모드\한글화\RELEASE\RBDM.OBJ
C:\USERS\HAHA\DESKTOP\모드\한글화\RELEASE\QRTZ.OBJ
C:\USERS\HAHA\DESKTOP\모드\한글화\RELEASE\PVOD.OBJ
C:\USERS\HAHA\DESKTOP\모드\한글화\RELEASE\WARP.OBJ
C:\USERS\HAHA\DESKTOP\모드\한글화\RELEASE\VRSS.OBJ
C:\USERS\HAHA\DESKTOP\모드\한글화\RELEASE\VRSG.OBJ
C:\USERS\HAHA\DESKTOP\모드\한글화\RELEASE\VOID.OBJ
C:\USERS\HAHA\DESKTOP\모드\한글화\RELEASE\VIRS.OBJ
C:\USERS\HAHA\DESKTOP\모드\한글화\RELEASE\VINE.OBJ
C:\USERS\HAHA\DESKTOP\모드\한글화\RELEASE\VIBR.OBJ
C:\USERS\HAHA\DESKTOP\모드\한글화\RELEASE\URAN.OBJ
C:\USERS\HAHA\DESKTOP\모드\한글화\RELEASE\TUNG.OBJ
C:\USERS\HAHA\DESKTOP\모드\한글화\RELEASE\TTAN.OBJ
C:\USERS\HAHA\DESKTOP\모드\한글화\RELEASE\TSNS.OBJ
C:\USERS\HAHA\DESKTOP\모드\한글화\RELEASE\TRON.OBJ
C:\USERS\HAHA\DESKTOP\모드\한글화\RELEASE\THRM.OBJ
C:\USERS\HAHA\DESKTOP\모드\한글화\RELEASE\THDR.OBJ
C:\USERS\HAHA\DESKTOP\모드\한글화\RELEASE\TESC.OBJ
C:\USERS\HAHA\DESKTOP\모드\한글화\RELEASE\SWCH.OBJ
C:\USERS\HAHA\DESKTOP\모드\한글화\RELEASE\STOR.OBJ
C:\USERS\HAHA\DESKTOP\모드\한글화\RELEASE\STNE.OBJ
C:\USERS\HAHA\DESKTOP\모드\한글화\RELEASE\STKM2.OBJ
C:\USERS\HAHA\DESKTOP\모드\한글화\RELEASE\STKM.OBJ
C:\USERS\HAHA\DESKTOP\모드\한글화\RELEASE\SIMULATION.OBJ
C:\USERS\HAHA\DESKTOP\모드\한글화\RELEASE\VAC.OBJ
C:\USERS\HAHA\DESKTOP\모드\한글화\RELEASE\SIMTOOL.OBJ
C:\USERS\HAHA\DESKTOP\모드\한글화\RELEASE\PGRV.OBJ
C:\USERS\HAHA\DESKTOP\모드\한글화\RELEASE\NGRV.OBJ
C:\USERS\HAHA\DESKTOP\모드\한글화\RELEASE\HEAT.OBJ
C:\USERS\HAHA\DESKTOP\모드\한글화\RELEASE\COOL.OBJ
C:\USERS\HAHA\DESKTOP\모드\한글화\RELEASE\AIRTOOL.OBJ
C:\USERS\HAHA\DESKTOP\모드\한글화\RELEASE\SIGN.OBJ
C:\USERS\HAHA\DESKTOP\모드\한글화\RELEASE\SAVERENDERER.OBJ
C:\USERS\HAHA\DESKTOP\모드\한글화\RELEASE\PARTICLE.OBJ
C:\USERS\HAHA\DESKTOP\모드\한글화\RELEASE\GRAVITY.OBJ
C:\USERS\HAHA\DESKTOP\모드\한글화\RELEASE\YEST.OBJ
C:\USERS\HAHA\DESKTOP\모드\한글화\RELEASE\WTRV.OBJ
C:\USERS\HAHA\DESKTOP\모드\한글화\RELEASE\WOOD.OBJ
C:\USERS\HAHA\DESKTOP\모드\한글화\RELEASE\WIRE.OBJ
C:\USERS\HAHA\DESKTOP\모드\한글화\RELEASE\WIFI.OBJ
C:\USERS\HAHA\DESKTOP\모드\한글화\RELEASE\WHOL.OBJ
C:\USERS\HAHA\DESKTOP\모드\한글화\RELEASE\WAX.OBJ
C:\USERS\HAHA\DESKTOP\모드\한글화\RELEASE\WATR.OBJ
C:\USERS\HAHA\DESKTOP\모드\한글화\RELEASE\UPDATE.OBJ
C:\USERS\HAHA\DESKTOP\모드\한글화\RELEASE\TASKWINDOW.OBJ
C:\USERS\HAHA\DESKTOP\모드\한글화\RELEASE\TASK.OBJ
C:\USERS\HAHA\DESKTOP\모드\한글화\RELEASE\SOCKET.LUA.OBJ
C:\USERS\HAHA\DESKTOP\모드\한글화\RELEASE\SIMULATIONDATA.OBJ
C:\USERS\HAHA\DESKTOP\모드\한글화\RELEASE\VC110.PDB
C:\USERS\HAHA\DESKTOP\모드\한글화\RELEASE\WSOCKET.OBJ
C:\USERS\HAHA\DESKTOP\모드\한글화\RELEASE\USOCKET.OBJ
C:\USERS\HAHA\DESKTOP\모드\한글화\RELEASE\UNIX.OBJ
C:\USERS\HAHA\DESKTOP\모드\한글화\RELEASE\UDP.OBJ
C:\USERS\HAHA\DESKTOP\모드\한글화\RELEASE\TIMEOUT.OBJ
C:\USERS\HAHA\DESKTOP\모드\한글화\RELEASE\TCP.OBJ
C:\USERS\HAHA\DESKTOP\모드\한글화\RELEASE\SELECT.OBJ
C:\USERS\HAHA\DESKTOP\모드\한글화\RELEASE\OPTIONS.OBJ
C:\USERS\HAHA\DESKTOP\모드\한글화\RELEASE\LUASOCKET.OBJ
C:\USERS\HAHA\DESKTOP\모드\한글화\RELEASE\IO.OBJ
C:\USERS\HAHA\DESKTOP\모드\한글화\RELEASE\INET.OBJ
C:\USERS\HAHA\DESKTOP\모드\한글화\RELEASE\EXCEPT.OBJ
C:\USERS\HAHA\DESKTOP\모드\한글화\RELEASE\BUFFER.OBJ
C:\USERS\HAHA\DESKTOP\모드\한글화\RELEASE\AUXILIAR.OBJ
C:\USERS\HAHA\DESKTOP\모드\한글화\BUILD\TPT++.EXE
C:\USERS\HAHA\DESKTOP\모드\한글화\BUILD\TPT++.PDB
C:\USERS\HAHA\DESKTOP\모드\한글화\RELEASE\POWDER-RES.RES
C:\Users\haha\Desktop\모드\한글화\Release\116.obj
C:\Users\haha\Desktop\모드\한글화\Release\146.obj
C:\Users\haha\Desktop\모드\한글화\Release\ACEL.obj
C:\Users\haha\Desktop\모드\한글화\Release\ACID.obj
C:\Users\haha\Desktop\모드\한글화\Release\Air.obj
C:\Users\haha\Desktop\모드\한글화\Release\AirTool.obj
C:\Users\haha\Desktop\모드\한글화\Release\AMTR.obj
C:\Users\haha\Desktop\모드\한글화\Release\ANAR.obj
C:\Users\haha\Desktop\모드\한글화\Release\APIRequest.obj
C:\Users\haha\Desktop\모드\한글화\Release\Appearance.obj
C:\Users\haha\Desktop\모드\한글화\Release\ARAY.obj
C:\Users\haha\Desktop\모드\한글화\Release\auxiliar.obj
C:\Users\haha\Desktop\모드\한글화\Release\AvatarButton.obj
C:\Users\haha\Desktop\모드\한글화\Release\BANG.obj
C:\Users\haha\Desktop\모드\한글화\Release\BCLN.obj
C:\Users\haha\Desktop\모드\한글화\Release\BCOL.obj
C:\Users\haha\Desktop\모드\한글화\Release\BGLA.obj
C:\Users\haha\Desktop\모드\한글화\Release\BHOL.obj
C:\Users\haha\Desktop\모드\한글화\Release\BIZR.obj
C:\Users\haha\Desktop\모드\한글화\Release\BIZRG.obj
C:\Users\haha\Desktop\모드\한글화\Release\BIZRS.obj
C:\Users\haha\Desktop\모드\한글화\Release\BMTL.obj
C:\Users\haha\Desktop\모드\한글화\Release\BOMB.obj
C:\Users\haha\Desktop\모드\한글화\Release\BOYL.obj
C:\Users\haha\Desktop\모드\한글화\Release\BRAY.obj
C:\Users\haha\Desktop\모드\한글화\Release\BRCK.obj
C:\Users\haha\Desktop\모드\한글화\Release\BREC.obj
C:\Users\haha\Desktop\모드\한글화\Release\BRMT.obj
C:\Users\haha\Desktop\모드\한글화\Release\Brush.obj
C:\Users\haha\Desktop\모드\한글화\Release\BSON.obj
C:\Users\haha\Desktop\모드\한글화\Release\BTRY.obj
C:\Users\haha\Desktop\모드\한글화\Release\buffer.obj
C:\Users\haha\Desktop\모드\한글화\Release\Button.obj
C:\Users\haha\Desktop\모드\한글화\Release\BVBR.obj
C:\Users\haha\Desktop\모드\한글화\Release\C5.obj
C:\Users\haha\Desktop\모드\한글화\Release\CAUS.obj
C:\Users\haha\Desktop\모드\한글화\Release\CBNW.obj
C:\Users\haha\Desktop\모드\한글화\Release\CFLM.obj
C:\Users\haha\Desktop\모드\한글화\Release\Checkbox.obj
C:\Users\haha\Desktop\모드\한글화\Release\Client.obj
C:\Users\haha\Desktop\모드\한글화\Release\CLNE.obj
C:\Users\haha\Desktop\모드\한글화\Release\CLST.obj
C:\Users\haha\Desktop\모드\한글화\Release\CNCT.obj
C:\Users\haha\Desktop\모드\한글화\Release\CO2.obj
C:\Users\haha\Desktop\모드\한글화\Release\COAL.obj
C:\Users\haha\Desktop\모드\한글화\Release\ColourPickerActivity.obj
C:\Users\haha\Desktop\모드\한글화\Release\CommandInterface.obj
C:\Users\haha\Desktop\모드\한글화\Release\Component.obj
C:\Users\haha\Desktop\모드\한글화\Release\ConfirmPrompt.obj
C:\Users\haha\Desktop\모드\한글화\Release\ConsoleController.obj
C:\Users\haha\Desktop\모드\한글화\Release\ConsoleModel.obj
C:\Users\haha\Desktop\모드\한글화\Release\ConsoleView.obj
C:\Users\haha\Desktop\모드\한글화\Release\ContextMenu.obj
C:\Users\haha\Desktop\모드\한글화\Release\CONV.obj
C:\Users\haha\Desktop\모드\한글화\Release\Cool.obj
C:\Users\haha\Desktop\모드\한글화\Release\CopyTextButton.obj
C:\Users\haha\Desktop\모드\한글화\Release\CRAY.obj
C:\Users\haha\Desktop\모드\한글화\Release\DCEL.obj
C:\Users\haha\Desktop\모드\한글화\Release\DESL.obj
C:\Users\haha\Desktop\모드\한글화\Release\DEST.obj
C:\Users\haha\Desktop\모드\한글화\Release\DEUT.obj
C:\Users\haha\Desktop\모드\한글화\Release\DLAY.obj
C:\Users\haha\Desktop\모드\한글화\Release\DMG.obj
C:\Users\haha\Desktop\모드\한글화\Release\DMND.obj
C:\Users\haha\Desktop\모드\한글화\Release\DRIC.obj
C:\Users\haha\Desktop\모드\한글화\Release\DropDown.obj
C:\Users\haha\Desktop\모드\한글화\Release\DSTW.obj
C:\Users\haha\Desktop\모드\한글화\Release\DTEC.obj
C:\Users\haha\Desktop\모드\한글화\Release\DUST.obj
C:\Users\haha\Desktop\모드\한글화\Release\DYST.obj
C:\Users\haha\Desktop\모드\한글화\Release\ELEC.obj
C:\Users\haha\Desktop\모드\한글화\Release\Element.obj
C:\Users\haha\Desktop\모드\한글화\Release\ElementClasses.obj
C:\Users\haha\Desktop\모드\한글화\Release\ElementPopulation.obj
C:\Users\haha\Desktop\모드\한글화\Release\elements.obj
C:\Users\haha\Desktop\모드\한글화\Release\ElementSearchActivity.obj
C:\Users\haha\Desktop\모드\한글화\Release\EMBR.obj
C:\Users\haha\Desktop\모드\한글화\Release\EMP.obj
C:\Users\haha\Desktop\모드\한글화\Release\Engine.obj
C:\Users\haha\Desktop\모드\한글화\Release\ErrorMessage.obj
C:\Users\haha\Desktop\모드\한글화\Release\ETRD.obj
C:\Users\haha\Desktop\모드\한글화\Release\except.obj
C:\Users\haha\Desktop\모드\한글화\Release\EXOT.obj
C:\Users\haha\Desktop\모드\한글화\Release\FIGH.obj
C:\Users\haha\Desktop\모드\한글화\Release\FileBrowserActivity.obj
C:\Users\haha\Desktop\모드\한글화\Release\FILT.obj
C:\Users\haha\Desktop\모드\한글화\Release\FIRE.obj
C:\Users\haha\Desktop\모드\한글화\Release\FIRW.obj
C:\Users\haha\Desktop\모드\한글화\Release\FOG.obj
C:\Users\haha\Desktop\모드\한글화\Release\Format.obj
C:\Users\haha\Desktop\모드\한글화\Release\FRAY.obj
C:\Users\haha\Desktop\모드\한글화\Release\FRME.obj
C:\Users\haha\Desktop\모드\한글화\Release\FRZW.obj
C:\Users\haha\Desktop\모드\한글화\Release\FRZZ.obj
C:\Users\haha\Desktop\모드\한글화\Release\FSEP.obj
C:\Users\haha\Desktop\모드\한글화\Release\FUSE.obj
C:\Users\haha\Desktop\모드\한글화\Release\FWRK.obj
C:\Users\haha\Desktop\모드\한글화\Release\GameController.obj
C:\Users\haha\Desktop\모드\한글화\Release\GameModel.obj
C:\Users\haha\Desktop\모드\한글화\Release\GameSave.obj
C:\Users\haha\Desktop\모드\한글화\Release\GameView.obj
C:\Users\haha\Desktop\모드\한글화\Release\GAS.obj
C:\Users\haha\Desktop\모드\한글화\Release\GBMB.obj
C:\Users\haha\Desktop\모드\한글화\Release\GEL.obj
C:\Users\haha\Desktop\모드\한글화\Release\GLAS.obj
C:\Users\haha\Desktop\모드\한글화\Release\GLOW.obj
C:\Users\haha\Desktop\모드\한글화\Release\GOLD.obj
C:\Users\haha\Desktop\모드\한글화\Release\GOO.obj
C:\Users\haha\Desktop\모드\한글화\Release\GPMP.obj
C:\Users\haha\Desktop\모드\한글화\Release\Graphics.obj
C:\Users\haha\Desktop\모드\한글화\Release\GRAV.obj
C:\Users\haha\Desktop\모드\한글화\Release\Gravity.obj
C:\Users\haha\Desktop\모드\한글화\Release\GUNP.obj
C:\Users\haha\Desktop\모드\한글화\Release\H2.obj
C:\Users\haha\Desktop\모드\한글화\Release\Heat.obj
C:\Users\haha\Desktop\모드\한글화\Release\HSWC.obj
C:\Users\haha\Desktop\모드\한글화\Release\HTTP.obj
C:\Users\haha\Desktop\모드\한글화\Release\ICEI.obj
C:\Users\haha\Desktop\모드\한글화\Release\IGNT.obj
C:\Users\haha\Desktop\모드\한글화\Release\ImageRequest.obj
C:\Users\haha\Desktop\모드\한글화\Release\inet.obj
C:\Users\haha\Desktop\모드\한글화\Release\InformationMessage.obj
C:\Users\haha\Desktop\모드\한글화\Release\INSL.obj
C:\Users\haha\Desktop\모드\한글화\Release\INST.obj
C:\Users\haha\Desktop\모드\한글화\Release\INVIS.obj
C:\Users\haha\Desktop\모드\한글화\Release\INWR.obj
C:\Users\haha\Desktop\모드\한글화\Release\io.obj
C:\Users\haha\Desktop\모드\한글화\Release\IRON.obj
C:\Users\haha\Desktop\모드\한글화\Release\ISOZ.obj
C:\Users\haha\Desktop\모드\한글화\Release\ISZS.obj
C:\Users\haha\Desktop\모드\한글화\Release\Label.obj
C:\Users\haha\Desktop\모드\한글화\Release\LAVA.obj
C:\Users\haha\Desktop\모드\한글화\Release\LCRY.obj
C:\Users\haha\Desktop\모드\한글화\Release\LegacyLuaAPI.obj
C:\Users\haha\Desktop\모드\한글화\Release\LIFE.obj
C:\Users\haha\Desktop\모드\한글화\Release\LIGH.obj
C:\Users\haha\Desktop\모드\한글화\Release\LNTG.obj
C:\Users\haha\Desktop\모드\한글화\Release\LO2.obj
C:\Users\haha\Desktop\모드\한글화\Release\LocalBrowserController.obj
C:\Users\haha\Desktop\모드\한글화\Release\LocalBrowserModel.obj
C:\Users\haha\Desktop\모드\한글화\Release\LocalBrowserView.obj
C:\Users\haha\Desktop\모드\한글화\Release\LocalSaveActivity.obj
C:\Users\haha\Desktop\모드\한글화\Release\LoginController.obj
C:\Users\haha\Desktop\모드\한글화\Release\LoginModel.obj
C:\Users\haha\Desktop\모드\한글화\Release\LoginView.obj
C:\Users\haha\Desktop\모드\한글화\Release\LOLZ.obj
C:\Users\haha\Desktop\모드\한글화\Release\LOVE.obj
C:\Users\haha\Desktop\모드\한글화\Release\LRBD.obj
C:\Users\haha\Desktop\모드\한글화\Release\LuaBit.obj
C:\Users\haha\Desktop\모드\한글화\Release\LuaButton.obj
C:\Users\haha\Desktop\모드\한글화\Release\LuaCheckbox.obj
C:\Users\haha\Desktop\모드\한글화\Release\LuaComponent.obj
C:\Users\haha\Desktop\모드\한글화\Release\LuaLabel.obj
C:\Users\haha\Desktop\모드\한글화\Release\LuaProgressBar.obj
C:\Users\haha\Desktop\모드\한글화\Release\LuaScriptInterface.obj
C:\Users\haha\Desktop\모드\한글화\Release\LuaSlider.obj
C:\Users\haha\Desktop\모드\한글화\Release\luasocket.obj
C:\Users\haha\Desktop\모드\한글화\Release\LuaTextbox.obj
C:\Users\haha\Desktop\모드\한글화\Release\LuaWindow.obj
C:\Users\haha\Desktop\모드\한글화\Release\MD5.obj
C:\Users\haha\Desktop\모드\한글화\Release\MERC.obj
C:\Users\haha\Desktop\모드\한글화\Release\METL.obj
C:\Users\haha\Desktop\모드\한글화\Release\Misc.obj
C:\Users\haha\Desktop\모드\한글화\Release\MORT.obj
C:\Users\haha\Desktop\모드\한글화\Release\MWAX.obj
C:\Users\haha\Desktop\모드\한글화\Release\NBHL.obj
C:\Users\haha\Desktop\모드\한글화\Release\NBLE.obj
C:\Users\haha\Desktop\모드\한글화\Release\NEUT.obj
C:\Users\haha\Desktop\모드\한글화\Release\NGrv.obj
C:\Users\haha\Desktop\모드\한글화\Release\NICE.obj
C:\Users\haha\Desktop\모드\한글화\Release\NITR.obj
C:\Users\haha\Desktop\모드\한글화\Release\NONE.obj
C:\Users\haha\Desktop\모드\한글화\Release\NSCN.obj
C:\Users\haha\Desktop\모드\한글화\Release\NTCT.obj
C:\Users\haha\Desktop\모드\한글화\Release\NWHL.obj
C:\Users\haha\Desktop\모드\한글화\Release\O2.obj
C:\Users\haha\Desktop\모드\한글화\Release\OIL.obj
C:\Users\haha\Desktop\모드\한글화\Release\OpenGLCanvasWin32.obj
C:\Users\haha\Desktop\모드\한글화\Release\OpenGLGraphics.obj
C:\Users\haha\Desktop\모드\한글화\Release\options.obj
C:\Users\haha\Desktop\모드\한글화\Release\OptionsController.obj
C:\Users\haha\Desktop\모드\한글화\Release\OptionsModel.obj
C:\Users\haha\Desktop\모드\한글화\Release\OptionsView.obj
C:\Users\haha\Desktop\모드\한글화\Release\Panel.obj
C:\Users\haha\Desktop\모드\한글화\Release\Particle.obj
C:\Users\haha\Desktop\모드\한글화\Release\PBCN.obj
C:\Users\haha\Desktop\모드\한글화\Release\PCLN.obj
C:\Users\haha\Desktop\모드\한글화\Release\PGrv.obj
C:\Users\haha\Desktop\모드\한글화\Release\PHOT.obj
C:\Users\haha\Desktop\모드\한글화\Release\PIPE.obj
C:\Users\haha\Desktop\모드\한글화\Release\PLEX.obj
C:\Users\haha\Desktop\모드\한글화\Release\PLNT.obj
C:\Users\haha\Desktop\모드\한글화\Release\PLSM.obj
C:\Users\haha\Desktop\모드\한글화\Release\PLUT.obj
C:\Users\haha\Desktop\모드\한글화\Release\PowderToyJava.obj
C:\Users\haha\Desktop\모드\한글화\Release\PowderToyRenderer.obj
C:\Users\haha\Desktop\모드\한글화\Release\PowderToySDL.obj
C:\Users\haha\Desktop\모드\한글화\Release\PPIP.obj
C:\Users\haha\Desktop\모드\한글화\Release\PQRT.obj
C:\Users\haha\Desktop\모드\한글화\Release\PreviewController.obj
C:\Users\haha\Desktop\모드\한글화\Release\PreviewModel.obj
C:\Users\haha\Desktop\모드\한글화\Release\PreviewView.obj
C:\Users\haha\Desktop\모드\한글화\Release\ProfileActivity.obj
C:\Users\haha\Desktop\모드\한글화\Release\ProgressBar.obj
C:\Users\haha\Desktop\모드\한글화\Release\PropertyTool.obj
C:\Users\haha\Desktop\모드\한글화\Release\PROT.obj
C:\Users\haha\Desktop\모드\한글화\Release\PRTI.obj
C:\Users\haha\Desktop\모드\한글화\Release\PRTO.obj
C:\Users\haha\Desktop\모드\한글화\Release\PSCN.obj
C:\Users\haha\Desktop\모드\한글화\Release\PSNS.obj
C:\Users\haha\Desktop\모드\한글화\Release\PSTE.obj
C:\Users\haha\Desktop\모드\한글화\Release\PSTN.obj
C:\Users\haha\Desktop\모드\한글화\Release\PSTS.obj
C:\Users\haha\Desktop\모드\한글화\Release\PTCT.obj
C:\Users\haha\Desktop\모드\한글화\Release\PUMP.obj
C:\Users\haha\Desktop\모드\한글화\Release\PVOD.obj
C:\Users\haha\Desktop\모드\한글화\Release\QRTZ.obj
C:\Users\haha\Desktop\모드\한글화\Release\RasterGraphics.obj
C:\Users\haha\Desktop\모드\한글화\Release\RBDM.obj
C:\Users\haha\Desktop\모드\한글화\Release\reader.obj
C:\Users\haha\Desktop\모드\한글화\Release\RenderController.obj
C:\Users\haha\Desktop\모드\한글화\Release\Renderer.obj
C:\Users\haha\Desktop\모드\한글화\Release\RenderModel.obj
C:\Users\haha\Desktop\모드\한글화\Release\RenderView.obj
C:\Users\haha\Desktop\모드\한글화\Release\REPL.obj
C:\Users\haha\Desktop\모드\한글화\Release\RequestBroker.obj
C:\Users\haha\Desktop\모드\한글화\Release\resampler.obj
C:\Users\haha\Desktop\모드\한글화\Release\RichLabel.obj
C:\Users\haha\Desktop\모드\한글화\Release\RIME.obj
C:\Users\haha\Desktop\모드\한글화\Release\SALT.obj
C:\Users\haha\Desktop\모드\한글화\Release\SampleTool.obj
C:\Users\haha\Desktop\모드\한글화\Release\SAND.obj
C:\Users\haha\Desktop\모드\한글화\Release\SaveButton.obj
C:\Users\haha\Desktop\모드\한글화\Release\SaveFile.obj
C:\Users\haha\Desktop\모드\한글화\Release\SaveIDMessage.obj
C:\Users\haha\Desktop\모드\한글화\Release\SaveInfo.obj
C:\Users\haha\Desktop\모드\한글화\Release\SaveRenderer.obj
C:\Users\haha\Desktop\모드\한글화\Release\ScrollPanel.obj
C:\Users\haha\Desktop\모드\한글화\Release\SearchController.obj
C:\Users\haha\Desktop\모드\한글화\Release\SearchModel.obj
C:\Users\haha\Desktop\모드\한글화\Release\SearchView.obj
C:\Users\haha\Desktop\모드\한글화\Release\select.obj
C:\Users\haha\Desktop\모드\한글화\Release\ServerSaveActivity.obj
C:\Users\haha\Desktop\모드\한글화\Release\SHLD1.obj
C:\Users\haha\Desktop\모드\한글화\Release\SHLD2.obj
C:\Users\haha\Desktop\모드\한글화\Release\SHLD3.obj
C:\Users\haha\Desktop\모드\한글화\Release\SHLD4.obj
C:\Users\haha\Desktop\모드\한글화\Release\Sign.obj
C:\Users\haha\Desktop\모드\한글화\Release\SignTool.obj
C:\Users\haha\Desktop\모드\한글화\Release\SimTool.obj
C:\Users\haha\Desktop\모드\한글화\Release\Simulation.obj
C:\Users\haha\Desktop\모드\한글화\Release\SimulationData.obj
C:\Users\haha\Desktop\모드\한글화\Release\SING.obj
C:\Users\haha\Desktop\모드\한글화\Release\Slider.obj
C:\Users\haha\Desktop\모드\한글화\Release\SLTW.obj
C:\Users\haha\Desktop\모드\한글화\Release\SMKE.obj
C:\Users\haha\Desktop\모드\한글화\Release\SNOW.obj
C:\Users\haha\Desktop\모드\한글화\Release\SOAP.obj
C:\Users\haha\Desktop\모드\한글화\Release\socket.lua.obj
C:\Users\haha\Desktop\모드\한글화\Release\SPAWN.obj
C:\Users\haha\Desktop\모드\한글화\Release\SPAWN2.obj
C:\Users\haha\Desktop\모드\한글화\Release\Spinner.obj
C:\Users\haha\Desktop\모드\한글화\Release\SPNG.obj
C:\Users\haha\Desktop\모드\한글화\Release\SPRK.obj
C:\Users\haha\Desktop\모드\한글화\Release\STKM.obj
C:\Users\haha\Desktop\모드\한글화\Release\STKM2.obj
C:\Users\haha\Desktop\모드\한글화\Release\STNE.obj
C:\Users\haha\Desktop\모드\한글화\Release\STOR.obj
C:\Users\haha\Desktop\모드\한글화\Release\Style.obj
C:\Users\haha\Desktop\모드\한글화\Release\SWCH.obj
C:\Users\haha\Desktop\모드\한글화\Release\TagsController.obj
C:\Users\haha\Desktop\모드\한글화\Release\TagsModel.obj
C:\Users\haha\Desktop\모드\한글화\Release\TagsView.obj
C:\Users\haha\Desktop\모드\한글화\Release\Task.obj
C:\Users\haha\Desktop\모드\한글화\Release\TaskWindow.obj
C:\Users\haha\Desktop\모드\한글화\Release\tcp.obj
C:\Users\haha\Desktop\모드\한글화\Release\TESC.obj
C:\Users\haha\Desktop\모드\한글화\Release\Textbox.obj
C:\Users\haha\Desktop\모드\한글화\Release\TextPrompt.obj
C:\Users\haha\Desktop\모드\한글화\Release\THDR.obj
C:\Users\haha\Desktop\모드\한글화\Release\THRM.obj
C:\Users\haha\Desktop\모드\한글화\Release\Thumbnail.obj
C:\Users\haha\Desktop\모드\한글화\Release\ThumbRenderRequest.obj
C:\Users\haha\Desktop\모드\한글화\Release\timeout.obj
C:\Users\haha\Desktop\모드\한글화\Release\Tool.obj
C:\Users\haha\Desktop\모드\한글화\Release\ToolButton.obj
C:\Users\haha\Desktop\모드\한글화\Release\ToolClasses.obj
C:\Users\haha\Desktop\모드\한글화\Release\TPTScriptInterface.obj
C:\Users\haha\Desktop\모드\한글화\Release\TPTSTypes.obj
C:\Users\haha\Desktop\모드\한글화\Release\TRON.obj
C:\Users\haha\Desktop\모드\한글화\Release\TSNS.obj
C:\Users\haha\Desktop\모드\한글화\Release\TTAN.obj
C:\Users\haha\Desktop\모드\한글화\Release\TUNG.obj
C:\Users\haha\Desktop\모드\한글화\Release\udp.obj
C:\Users\haha\Desktop\모드\한글화\Release\unix.obj
C:\Users\haha\Desktop\모드\한글화\Release\Update.obj
C:\Users\haha\Desktop\모드\한글화\Release\UpdateActivity.obj
C:\Users\haha\Desktop\모드\한글화\Release\URAN.obj
C:\Users\haha\Desktop\모드\한글화\Release\usocket.obj
C:\Users\haha\Desktop\모드\한글화\Release\Vac.obj
C:\Users\haha\Desktop\모드\한글화\Release\VIBR.obj
C:\Users\haha\Desktop\모드\한글화\Release\VINE.obj
C:\Users\haha\Desktop\모드\한글화\Release\VIRS.obj
C:\Users\haha\Desktop\모드\한글화\Release\VOID.obj
C:\Users\haha\Desktop\모드\한글화\Release\VRSG.obj
C:\Users\haha\Desktop\모드\한글화\Release\VRSS.obj
C:\Users\haha\Desktop\모드\한글화\Release\WARP.obj
C:\Users\haha\Desktop\모드\한글화\Release\WATR.obj
C:\Users\haha\Desktop\모드\한글화\Release\WAX.obj
C:\Users\haha\Desktop\모드\한글화\Release\WebRequest.obj
C:\Users\haha\Desktop\모드\한글화\Release\WHOL.obj
C:\Users\haha\Desktop\모드\한글화\Release\WIFI.obj
C:\Users\haha\Desktop\모드\한글화\Release\Window.obj
C:\Users\haha\Desktop\모드\한글화\Release\WIRE.obj
C:\Users\haha\Desktop\모드\한글화\Release\WOOD.obj
C:\Users\haha\Desktop\모드\한글화\Release\writer.obj
C:\Users\haha\Desktop\모드\한글화\Release\wsocket.obj
C:\Users\haha\Desktop\모드\한글화\Release\WTRV.obj
C:\Users\haha\Desktop\모드\한글화\Release\YEST.obj
C:\Users\haha\Desktop\모드\한글화\Release\cl.command.1.tlog
C:\Users\haha\Desktop\모드\한글화\Release\CL.read.1.tlog
C:\Users\haha\Desktop\모드\한글화\Release\CL.write.1.tlog
C:\Users\haha\Desktop\모드\한글화\Release\link-cvtres.read.1.tlog
C:\Users\haha\Desktop\모드\한글화\Release\link-cvtres.write.1.tlog
C:\Users\haha\Desktop\모드\한글화\Release\link-rc.read.1.tlog
C:\Users\haha\Desktop\모드\한글화\Release\link-rc.write.1.tlog
C:\Users\haha\Desktop\모드\한글화\Release\link.command.1.tlog
C:\Users\haha\Desktop\모드\한글화\Release\link.read.1.tlog
C:\Users\haha\Desktop\모드\한글화\Release\link.write.1.tlog
C:\Users\haha\Desktop\모드\한글화\Release\rc.command.1.tlog
C:\Users\haha\Desktop\모드\한글화\Release\rc.read.1.tlog
C:\Users\haha\Desktop\모드\한글화\Release\rc.write.1.tlog
C:\Users\haha\Desktop\모드\한글화\Release\powder-res.res
C:\Users\haha\Desktop\모드\한글화\Release\vc110.pdb
C:\Users\haha\Desktop\모드\한글화\Build\tpt++.pdb
C:\Users\haha\Desktop\모드\한글화\Build\tpt++.exe
