C:\USERS\HAHA\DESKTOP\BB_21_0_UNDEFINED\RELEASE\GRAPHICS.OBJ
C:\USERS\HAHA\DESKTOP\BB_21_0_UNDEFINED\RELEASE\FORMAT.OBJ
C:\USERS\HAHA\DESKTOP\BB_21_0_UNDEFINED\RELEASE\ELEMENTPOPULATION.OBJ
C:\USERS\HAHA\DESKTOP\BB_21_0_UNDEFINED\RELEASE\SAVEINFO.OBJ
C:\USERS\HAHA\DESKTOP\BB_21_0_UNDEFINED\RELEASE\SAVEFILE.OBJ
C:\USERS\HAHA\DESKTOP\BB_21_0_UNDEFINED\RELEASE\WEBREQUEST.OBJ
C:\USERS\HAHA\DESKTOP\BB_21_0_UNDEFINED\RELEASE\THUMBRENDERREQUEST.OBJ
C:\USERS\HAHA\DESKTOP\BB_21_0_UNDEFINED\RELEASE\REQUESTBROKER.OBJ
C:\USERS\HAHA\DESKTOP\BB_21_0_UNDEFINED\RELEASE\IMAGEREQUEST.OBJ
C:\USERS\HAHA\DESKTOP\BB_21_0_UNDEFINED\RELEASE\APIREQUEST.OBJ
C:\USERS\HAHA\DESKTOP\BB_21_0_UNDEFINED\RELEASE\MD5.OBJ
C:\USERS\HAHA\DESKTOP\BB_21_0_UNDEFINED\RELEASE\HTTP.OBJ
C:\USERS\HAHA\DESKTOP\BB_21_0_UNDEFINED\RELEASE\GAMESAVE.OBJ
C:\USERS\HAHA\DESKTOP\BB_21_0_UNDEFINED\RELEASE\CLIENT.OBJ
C:\USERS\HAHA\DESKTOP\BB_21_0_UNDEFINED\RELEASE\WRITER.OBJ
C:\USERS\HAHA\DESKTOP\BB_21_0_UNDEFINED\RELEASE\READER.OBJ
C:\USERS\HAHA\DESKTOP\BB_21_0_UNDEFINED\RELEASE\ELEMENTS.OBJ
C:\USERS\HAHA\DESKTOP\BB_21_0_UNDEFINED\RELEASE\BSON.OBJ
C:\USERS\HAHA\DESKTOP\BB_21_0_UNDEFINED\RELEASE\TOOLCLASSES.OBJ
C:\USERS\HAHA\DESKTOP\BB_21_0_UNDEFINED\RELEASE\ELEMENTCLASSES.OBJ
C:\USERS\HAHA\DESKTOP\BB_21_0_UNDEFINED\RELEASE\SAMPLETOOL.OBJ
C:\USERS\HAHA\DESKTOP\BB_21_0_UNDEFINED\RELEASE\PROPERTYTOOL.OBJ
C:\USERS\HAHA\DESKTOP\BB_21_0_UNDEFINED\RELEASE\GAMEVIEW.OBJ
C:\USERS\HAHA\DESKTOP\BB_21_0_UNDEFINED\RELEASE\GAMEMODEL.OBJ
C:\USERS\HAHA\DESKTOP\BB_21_0_UNDEFINED\RELEASE\GAMECONTROLLER.OBJ
C:\USERS\HAHA\DESKTOP\BB_21_0_UNDEFINED\RELEASE\BRUSH.OBJ
C:\USERS\HAHA\DESKTOP\BB_21_0_UNDEFINED\RELEASE\FILEBROWSERACTIVITY.OBJ
C:\USERS\HAHA\DESKTOP\BB_21_0_UNDEFINED\RELEASE\ELEMENTSEARCHACTIVITY.OBJ
C:\USERS\HAHA\DESKTOP\BB_21_0_UNDEFINED\RELEASE\TEXTPROMPT.OBJ
C:\USERS\HAHA\DESKTOP\BB_21_0_UNDEFINED\RELEASE\SAVEIDMESSAGE.OBJ
C:\USERS\HAHA\DESKTOP\BB_21_0_UNDEFINED\RELEASE\INFORMATIONMESSAGE.OBJ
C:\USERS\HAHA\DESKTOP\BB_21_0_UNDEFINED\RELEASE\ERRORMESSAGE.OBJ
C:\USERS\HAHA\DESKTOP\BB_21_0_UNDEFINED\RELEASE\CONFIRMPROMPT.OBJ
C:\USERS\HAHA\DESKTOP\BB_21_0_UNDEFINED\RELEASE\CONSOLEVIEW.OBJ
C:\USERS\HAHA\DESKTOP\BB_21_0_UNDEFINED\RELEASE\CONSOLEMODEL.OBJ
C:\USERS\HAHA\DESKTOP\BB_21_0_UNDEFINED\RELEASE\CONSOLECONTROLLER.OBJ
C:\USERS\HAHA\DESKTOP\BB_21_0_UNDEFINED\RELEASE\COLOURPICKERACTIVITY.OBJ
C:\USERS\HAHA\DESKTOP\BB_21_0_UNDEFINED\RELEASE\RENDERER.OBJ
C:\USERS\HAHA\DESKTOP\BB_21_0_UNDEFINED\RELEASE\RASTERGRAPHICS.OBJ
C:\USERS\HAHA\DESKTOP\BB_21_0_UNDEFINED\RELEASE\OPENGLGRAPHICS.OBJ
C:\USERS\HAHA\DESKTOP\BB_21_0_UNDEFINED\RELEASE\SPINNER.OBJ
C:\USERS\HAHA\DESKTOP\BB_21_0_UNDEFINED\RELEASE\SLIDER.OBJ
C:\USERS\HAHA\DESKTOP\BB_21_0_UNDEFINED\RELEASE\SCROLLPANEL.OBJ
C:\USERS\HAHA\DESKTOP\BB_21_0_UNDEFINED\RELEASE\SAVEBUTTON.OBJ
C:\USERS\HAHA\DESKTOP\BB_21_0_UNDEFINED\RELEASE\RICHLABEL.OBJ
C:\USERS\HAHA\DESKTOP\BB_21_0_UNDEFINED\RELEASE\PROGRESSBAR.OBJ
C:\USERS\HAHA\DESKTOP\BB_21_0_UNDEFINED\RELEASE\PANEL.OBJ
C:\USERS\HAHA\DESKTOP\BB_21_0_UNDEFINED\RELEASE\LABEL.OBJ
C:\USERS\HAHA\DESKTOP\BB_21_0_UNDEFINED\RELEASE\ENGINE.OBJ
C:\USERS\HAHA\DESKTOP\BB_21_0_UNDEFINED\RELEASE\DROPDOWN.OBJ
C:\USERS\HAHA\DESKTOP\BB_21_0_UNDEFINED\RELEASE\COPYTEXTBUTTON.OBJ
C:\USERS\HAHA\DESKTOP\BB_21_0_UNDEFINED\RELEASE\CONTEXTMENU.OBJ
C:\USERS\HAHA\DESKTOP\BB_21_0_UNDEFINED\RELEASE\COMPONENT.OBJ
C:\USERS\HAHA\DESKTOP\BB_21_0_UNDEFINED\RELEASE\CHECKBOX.OBJ
C:\USERS\HAHA\DESKTOP\BB_21_0_UNDEFINED\RELEASE\BUTTON.OBJ
C:\USERS\HAHA\DESKTOP\BB_21_0_UNDEFINED\RELEASE\AVATARBUTTON.OBJ
C:\USERS\HAHA\DESKTOP\BB_21_0_UNDEFINED\RELEASE\APPEARANCE.OBJ
C:\USERS\HAHA\DESKTOP\BB_21_0_UNDEFINED\RELEASE\TOOLBUTTON.OBJ
C:\USERS\HAHA\DESKTOP\BB_21_0_UNDEFINED\RELEASE\TOOL.OBJ
C:\USERS\HAHA\DESKTOP\BB_21_0_UNDEFINED\RELEASE\SIGNTOOL.OBJ
C:\USERS\HAHA\DESKTOP\BB_21_0_UNDEFINED\RELEASE\SERVERSAVEACTIVITY.OBJ
C:\USERS\HAHA\DESKTOP\BB_21_0_UNDEFINED\RELEASE\LOCALSAVEACTIVITY.OBJ
C:\USERS\HAHA\DESKTOP\BB_21_0_UNDEFINED\RELEASE\RENDERVIEW.OBJ
C:\USERS\HAHA\DESKTOP\BB_21_0_UNDEFINED\RELEASE\RENDERMODEL.OBJ
C:\USERS\HAHA\DESKTOP\BB_21_0_UNDEFINED\RELEASE\RENDERCONTROLLER.OBJ
C:\USERS\HAHA\DESKTOP\BB_21_0_UNDEFINED\RELEASE\PROFILEACTIVITY.OBJ
C:\USERS\HAHA\DESKTOP\BB_21_0_UNDEFINED\RELEASE\PREVIEWVIEW.OBJ
C:\USERS\HAHA\DESKTOP\BB_21_0_UNDEFINED\RELEASE\PREVIEWMODEL.OBJ
C:\USERS\HAHA\DESKTOP\BB_21_0_UNDEFINED\RELEASE\PREVIEWCONTROLLER.OBJ
C:\USERS\HAHA\DESKTOP\BB_21_0_UNDEFINED\RELEASE\OPTIONSVIEW.OBJ
C:\USERS\HAHA\DESKTOP\BB_21_0_UNDEFINED\RELEASE\OPTIONSMODEL.OBJ
C:\USERS\HAHA\DESKTOP\BB_21_0_UNDEFINED\RELEASE\OPTIONSCONTROLLER.OBJ
C:\USERS\HAHA\DESKTOP\BB_21_0_UNDEFINED\RELEASE\LOGINVIEW.OBJ
C:\USERS\HAHA\DESKTOP\BB_21_0_UNDEFINED\RELEASE\LOGINMODEL.OBJ
C:\USERS\HAHA\DESKTOP\BB_21_0_UNDEFINED\RELEASE\LOGINCONTROLLER.OBJ
C:\USERS\HAHA\DESKTOP\BB_21_0_UNDEFINED\RELEASE\LOCALBROWSERVIEW.OBJ
C:\USERS\HAHA\DESKTOP\BB_21_0_UNDEFINED\RELEASE\LOCALBROWSERMODEL.OBJ
C:\USERS\HAHA\DESKTOP\BB_21_0_UNDEFINED\RELEASE\LOCALBROWSERCONTROLLER.OBJ
C:\USERS\HAHA\DESKTOP\BB_21_0_UNDEFINED\RELEASE\WINDOW.OBJ
C:\USERS\HAHA\DESKTOP\BB_21_0_UNDEFINED\RELEASE\TEXTBOX.OBJ
C:\USERS\HAHA\DESKTOP\BB_21_0_UNDEFINED\RELEASE\LUATEXTBOX.OBJ
C:\USERS\HAHA\DESKTOP\BB_21_0_UNDEFINED\RELEASE\LUASLIDER.OBJ
C:\USERS\HAHA\DESKTOP\BB_21_0_UNDEFINED\RELEASE\LUASCRIPTINTERFACE.OBJ
C:\USERS\HAHA\DESKTOP\BB_21_0_UNDEFINED\RELEASE\LUAPROGRESSBAR.OBJ
C:\USERS\HAHA\DESKTOP\BB_21_0_UNDEFINED\RELEASE\LUALABEL.OBJ
C:\USERS\HAHA\DESKTOP\BB_21_0_UNDEFINED\RELEASE\LUACOMPONENT.OBJ
C:\USERS\HAHA\DESKTOP\BB_21_0_UNDEFINED\RELEASE\LUACHECKBOX.OBJ
C:\USERS\HAHA\DESKTOP\BB_21_0_UNDEFINED\RELEASE\LUABUTTON.OBJ
C:\USERS\HAHA\DESKTOP\BB_21_0_UNDEFINED\RELEASE\LUABIT.OBJ
C:\USERS\HAHA\DESKTOP\BB_21_0_UNDEFINED\RELEASE\LEGACYLUAAPI.OBJ
C:\USERS\HAHA\DESKTOP\BB_21_0_UNDEFINED\RELEASE\COMMANDINTERFACE.OBJ
C:\USERS\HAHA\DESKTOP\BB_21_0_UNDEFINED\RELEASE\UPDATEACTIVITY.OBJ
C:\USERS\HAHA\DESKTOP\BB_21_0_UNDEFINED\RELEASE\TAGSVIEW.OBJ
C:\USERS\HAHA\DESKTOP\BB_21_0_UNDEFINED\RELEASE\TAGSMODEL.OBJ
C:\USERS\HAHA\DESKTOP\BB_21_0_UNDEFINED\RELEASE\TAGSCONTROLLER.OBJ
C:\USERS\HAHA\DESKTOP\BB_21_0_UNDEFINED\RELEASE\STYLE.OBJ
C:\USERS\HAHA\DESKTOP\BB_21_0_UNDEFINED\RELEASE\THUMBNAIL.OBJ
C:\USERS\HAHA\DESKTOP\BB_21_0_UNDEFINED\RELEASE\SEARCHVIEW.OBJ
C:\USERS\HAHA\DESKTOP\BB_21_0_UNDEFINED\RELEASE\SEARCHMODEL.OBJ
C:\USERS\HAHA\DESKTOP\BB_21_0_UNDEFINED\RELEASE\SEARCHCONTROLLER.OBJ
C:\USERS\HAHA\DESKTOP\BB_21_0_UNDEFINED\RELEASE\BCOL.OBJ
C:\USERS\HAHA\DESKTOP\BB_21_0_UNDEFINED\RELEASE\BCLN.OBJ
C:\USERS\HAHA\DESKTOP\BB_21_0_UNDEFINED\RELEASE\BANG.OBJ
C:\USERS\HAHA\DESKTOP\BB_21_0_UNDEFINED\RELEASE\ARAY.OBJ
C:\USERS\HAHA\DESKTOP\BB_21_0_UNDEFINED\RELEASE\ANAR.OBJ
C:\USERS\HAHA\DESKTOP\BB_21_0_UNDEFINED\RELEASE\AMTR.OBJ
C:\USERS\HAHA\DESKTOP\BB_21_0_UNDEFINED\RELEASE\ACID.OBJ
C:\USERS\HAHA\DESKTOP\BB_21_0_UNDEFINED\RELEASE\ACEL.OBJ
C:\USERS\HAHA\DESKTOP\BB_21_0_UNDEFINED\RELEASE\146.OBJ
C:\USERS\HAHA\DESKTOP\BB_21_0_UNDEFINED\RELEASE\116.OBJ
C:\USERS\HAHA\DESKTOP\BB_21_0_UNDEFINED\RELEASE\AIR.OBJ
C:\USERS\HAHA\DESKTOP\BB_21_0_UNDEFINED\RELEASE\RESAMPLER.OBJ
C:\USERS\HAHA\DESKTOP\BB_21_0_UNDEFINED\RELEASE\POWDERTOYSDL.OBJ
C:\USERS\HAHA\DESKTOP\BB_21_0_UNDEFINED\RELEASE\POWDERTOYRENDERER.OBJ
C:\USERS\HAHA\DESKTOP\BB_21_0_UNDEFINED\RELEASE\POWDERTOYJAVA.OBJ
C:\USERS\HAHA\DESKTOP\BB_21_0_UNDEFINED\RELEASE\OPENGLCANVASWIN32.OBJ
C:\USERS\HAHA\DESKTOP\BB_21_0_UNDEFINED\RELEASE\MISC.OBJ
C:\USERS\HAHA\DESKTOP\BB_21_0_UNDEFINED\RELEASE\TPTSTYPES.OBJ
C:\USERS\HAHA\DESKTOP\BB_21_0_UNDEFINED\RELEASE\TPTSCRIPTINTERFACE.OBJ
C:\USERS\HAHA\DESKTOP\BB_21_0_UNDEFINED\RELEASE\LUAWINDOW.OBJ
C:\USERS\HAHA\DESKTOP\BB_21_0_UNDEFINED\RELEASE\CLST.OBJ
C:\USERS\HAHA\DESKTOP\BB_21_0_UNDEFINED\RELEASE\CLNE.OBJ
C:\USERS\HAHA\DESKTOP\BB_21_0_UNDEFINED\RELEASE\CFLM.OBJ
C:\USERS\HAHA\DESKTOP\BB_21_0_UNDEFINED\RELEASE\CBNW.OBJ
C:\USERS\HAHA\DESKTOP\BB_21_0_UNDEFINED\RELEASE\CAUS.OBJ
C:\USERS\HAHA\DESKTOP\BB_21_0_UNDEFINED\RELEASE\C5.OBJ
C:\USERS\HAHA\DESKTOP\BB_21_0_UNDEFINED\RELEASE\BVBR.OBJ
C:\USERS\HAHA\DESKTOP\BB_21_0_UNDEFINED\RELEASE\BTRY.OBJ
C:\USERS\HAHA\DESKTOP\BB_21_0_UNDEFINED\RELEASE\BRMT.OBJ
C:\USERS\HAHA\DESKTOP\BB_21_0_UNDEFINED\RELEASE\BREC.OBJ
C:\USERS\HAHA\DESKTOP\BB_21_0_UNDEFINED\RELEASE\BRCK.OBJ
C:\USERS\HAHA\DESKTOP\BB_21_0_UNDEFINED\RELEASE\BRAY.OBJ
C:\USERS\HAHA\DESKTOP\BB_21_0_UNDEFINED\RELEASE\BOYL.OBJ
C:\USERS\HAHA\DESKTOP\BB_21_0_UNDEFINED\RELEASE\BOMB.OBJ
C:\USERS\HAHA\DESKTOP\BB_21_0_UNDEFINED\RELEASE\BMTL.OBJ
C:\USERS\HAHA\DESKTOP\BB_21_0_UNDEFINED\RELEASE\BIZRS.OBJ
C:\USERS\HAHA\DESKTOP\BB_21_0_UNDEFINED\RELEASE\BIZRG.OBJ
C:\USERS\HAHA\DESKTOP\BB_21_0_UNDEFINED\RELEASE\BIZR.OBJ
C:\USERS\HAHA\DESKTOP\BB_21_0_UNDEFINED\RELEASE\BHOL.OBJ
C:\USERS\HAHA\DESKTOP\BB_21_0_UNDEFINED\RELEASE\BGLA.OBJ
C:\USERS\HAHA\DESKTOP\BB_21_0_UNDEFINED\RELEASE\EMBR.OBJ
C:\USERS\HAHA\DESKTOP\BB_21_0_UNDEFINED\RELEASE\ELEMENT.OBJ
C:\USERS\HAHA\DESKTOP\BB_21_0_UNDEFINED\RELEASE\ELEC.OBJ
C:\USERS\HAHA\DESKTOP\BB_21_0_UNDEFINED\RELEASE\DYST.OBJ
C:\USERS\HAHA\DESKTOP\BB_21_0_UNDEFINED\RELEASE\DUST.OBJ
C:\USERS\HAHA\DESKTOP\BB_21_0_UNDEFINED\RELEASE\DTEC.OBJ
C:\USERS\HAHA\DESKTOP\BB_21_0_UNDEFINED\RELEASE\DSTW.OBJ
C:\USERS\HAHA\DESKTOP\BB_21_0_UNDEFINED\RELEASE\DRIC.OBJ
C:\USERS\HAHA\DESKTOP\BB_21_0_UNDEFINED\RELEASE\DMND.OBJ
C:\USERS\HAHA\DESKTOP\BB_21_0_UNDEFINED\RELEASE\DMG.OBJ
C:\USERS\HAHA\DESKTOP\BB_21_0_UNDEFINED\RELEASE\DLAY.OBJ
C:\USERS\HAHA\DESKTOP\BB_21_0_UNDEFINED\RELEASE\DEUT.OBJ
C:\USERS\HAHA\DESKTOP\BB_21_0_UNDEFINED\RELEASE\DEST.OBJ
C:\USERS\HAHA\DESKTOP\BB_21_0_UNDEFINED\RELEASE\DESL.OBJ
C:\USERS\HAHA\DESKTOP\BB_21_0_UNDEFINED\RELEASE\DCEL.OBJ
C:\USERS\HAHA\DESKTOP\BB_21_0_UNDEFINED\RELEASE\CRAY.OBJ
C:\USERS\HAHA\DESKTOP\BB_21_0_UNDEFINED\RELEASE\CONV.OBJ
C:\USERS\HAHA\DESKTOP\BB_21_0_UNDEFINED\RELEASE\COAL.OBJ
C:\USERS\HAHA\DESKTOP\BB_21_0_UNDEFINED\RELEASE\CO2.OBJ
C:\USERS\HAHA\DESKTOP\BB_21_0_UNDEFINED\RELEASE\CNCT.OBJ
C:\USERS\HAHA\DESKTOP\BB_21_0_UNDEFINED\RELEASE\GLOW.OBJ
C:\USERS\HAHA\DESKTOP\BB_21_0_UNDEFINED\RELEASE\GLAS.OBJ
C:\USERS\HAHA\DESKTOP\BB_21_0_UNDEFINED\RELEASE\GEL.OBJ
C:\USERS\HAHA\DESKTOP\BB_21_0_UNDEFINED\RELEASE\GBMB.OBJ
C:\USERS\HAHA\DESKTOP\BB_21_0_UNDEFINED\RELEASE\GAS.OBJ
C:\USERS\HAHA\DESKTOP\BB_21_0_UNDEFINED\RELEASE\FWRK.OBJ
C:\USERS\HAHA\DESKTOP\BB_21_0_UNDEFINED\RELEASE\FUSE.OBJ
C:\USERS\HAHA\DESKTOP\BB_21_0_UNDEFINED\RELEASE\FSEP.OBJ
C:\USERS\HAHA\DESKTOP\BB_21_0_UNDEFINED\RELEASE\FRZZ.OBJ
C:\USERS\HAHA\DESKTOP\BB_21_0_UNDEFINED\RELEASE\FRZW.OBJ
C:\USERS\HAHA\DESKTOP\BB_21_0_UNDEFINED\RELEASE\FRME.OBJ
C:\USERS\HAHA\DESKTOP\BB_21_0_UNDEFINED\RELEASE\FRAY.OBJ
C:\USERS\HAHA\DESKTOP\BB_21_0_UNDEFINED\RELEASE\FOG.OBJ
C:\USERS\HAHA\DESKTOP\BB_21_0_UNDEFINED\RELEASE\FIRW.OBJ
C:\USERS\HAHA\DESKTOP\BB_21_0_UNDEFINED\RELEASE\FIRE.OBJ
C:\USERS\HAHA\DESKTOP\BB_21_0_UNDEFINED\RELEASE\FILT.OBJ
C:\USERS\HAHA\DESKTOP\BB_21_0_UNDEFINED\RELEASE\FIGH.OBJ
C:\USERS\HAHA\DESKTOP\BB_21_0_UNDEFINED\RELEASE\EXOT.OBJ
C:\USERS\HAHA\DESKTOP\BB_21_0_UNDEFINED\RELEASE\ETRD.OBJ
C:\USERS\HAHA\DESKTOP\BB_21_0_UNDEFINED\RELEASE\EMP.OBJ
C:\USERS\HAHA\DESKTOP\BB_21_0_UNDEFINED\RELEASE\LIGH.OBJ
C:\USERS\HAHA\DESKTOP\BB_21_0_UNDEFINED\RELEASE\LIFE.OBJ
C:\USERS\HAHA\DESKTOP\BB_21_0_UNDEFINED\RELEASE\LCRY.OBJ
C:\USERS\HAHA\DESKTOP\BB_21_0_UNDEFINED\RELEASE\LAVA.OBJ
C:\USERS\HAHA\DESKTOP\BB_21_0_UNDEFINED\RELEASE\ISZS.OBJ
C:\USERS\HAHA\DESKTOP\BB_21_0_UNDEFINED\RELEASE\ISOZ.OBJ
C:\USERS\HAHA\DESKTOP\BB_21_0_UNDEFINED\RELEASE\IRON.OBJ
C:\USERS\HAHA\DESKTOP\BB_21_0_UNDEFINED\RELEASE\INWR.OBJ
C:\USERS\HAHA\DESKTOP\BB_21_0_UNDEFINED\RELEASE\INVIS.OBJ
C:\USERS\HAHA\DESKTOP\BB_21_0_UNDEFINED\RELEASE\INST.OBJ
C:\USERS\HAHA\DESKTOP\BB_21_0_UNDEFINED\RELEASE\INSL.OBJ
C:\USERS\HAHA\DESKTOP\BB_21_0_UNDEFINED\RELEASE\IGNT.OBJ
C:\USERS\HAHA\DESKTOP\BB_21_0_UNDEFINED\RELEASE\ICEI.OBJ
C:\USERS\HAHA\DESKTOP\BB_21_0_UNDEFINED\RELEASE\HSWC.OBJ
C:\USERS\HAHA\DESKTOP\BB_21_0_UNDEFINED\RELEASE\H2.OBJ
C:\USERS\HAHA\DESKTOP\BB_21_0_UNDEFINED\RELEASE\GUNP.OBJ
C:\USERS\HAHA\DESKTOP\BB_21_0_UNDEFINED\RELEASE\GRAV.OBJ
C:\USERS\HAHA\DESKTOP\BB_21_0_UNDEFINED\RELEASE\GPMP.OBJ
C:\USERS\HAHA\DESKTOP\BB_21_0_UNDEFINED\RELEASE\GOO.OBJ
C:\USERS\HAHA\DESKTOP\BB_21_0_UNDEFINED\RELEASE\GOLD.OBJ
C:\USERS\HAHA\DESKTOP\BB_21_0_UNDEFINED\RELEASE\OIL.OBJ
C:\USERS\HAHA\DESKTOP\BB_21_0_UNDEFINED\RELEASE\O2.OBJ
C:\USERS\HAHA\DESKTOP\BB_21_0_UNDEFINED\RELEASE\NWHL.OBJ
C:\USERS\HAHA\DESKTOP\BB_21_0_UNDEFINED\RELEASE\NTCT.OBJ
C:\USERS\HAHA\DESKTOP\BB_21_0_UNDEFINED\RELEASE\NSCN.OBJ
C:\USERS\HAHA\DESKTOP\BB_21_0_UNDEFINED\RELEASE\NONE.OBJ
C:\USERS\HAHA\DESKTOP\BB_21_0_UNDEFINED\RELEASE\NITR.OBJ
C:\USERS\HAHA\DESKTOP\BB_21_0_UNDEFINED\RELEASE\NICE.OBJ
C:\USERS\HAHA\DESKTOP\BB_21_0_UNDEFINED\RELEASE\NEUT.OBJ
C:\USERS\HAHA\DESKTOP\BB_21_0_UNDEFINED\RELEASE\NBLE.OBJ
C:\USERS\HAHA\DESKTOP\BB_21_0_UNDEFINED\RELEASE\NBHL.OBJ
C:\USERS\HAHA\DESKTOP\BB_21_0_UNDEFINED\RELEASE\MWAX.OBJ
C:\USERS\HAHA\DESKTOP\BB_21_0_UNDEFINED\RELEASE\MORT.OBJ
C:\USERS\HAHA\DESKTOP\BB_21_0_UNDEFINED\RELEASE\METL.OBJ
C:\USERS\HAHA\DESKTOP\BB_21_0_UNDEFINED\RELEASE\MERC.OBJ
C:\USERS\HAHA\DESKTOP\BB_21_0_UNDEFINED\RELEASE\LRBD.OBJ
C:\USERS\HAHA\DESKTOP\BB_21_0_UNDEFINED\RELEASE\LOVE.OBJ
C:\USERS\HAHA\DESKTOP\BB_21_0_UNDEFINED\RELEASE\LOLZ.OBJ
C:\USERS\HAHA\DESKTOP\BB_21_0_UNDEFINED\RELEASE\LO2.OBJ
C:\USERS\HAHA\DESKTOP\BB_21_0_UNDEFINED\RELEASE\LNTG.OBJ
C:\USERS\HAHA\DESKTOP\BB_21_0_UNDEFINED\RELEASE\PUMP.OBJ
C:\USERS\HAHA\DESKTOP\BB_21_0_UNDEFINED\RELEASE\PTCT.OBJ
C:\USERS\HAHA\DESKTOP\BB_21_0_UNDEFINED\RELEASE\PSTS.OBJ
C:\USERS\HAHA\DESKTOP\BB_21_0_UNDEFINED\RELEASE\PSTN.OBJ
C:\USERS\HAHA\DESKTOP\BB_21_0_UNDEFINED\RELEASE\PSTE.OBJ
C:\USERS\HAHA\DESKTOP\BB_21_0_UNDEFINED\RELEASE\PSNS.OBJ
C:\USERS\HAHA\DESKTOP\BB_21_0_UNDEFINED\RELEASE\PSCN.OBJ
C:\USERS\HAHA\DESKTOP\BB_21_0_UNDEFINED\RELEASE\PRTO.OBJ
C:\USERS\HAHA\DESKTOP\BB_21_0_UNDEFINED\RELEASE\PRTI.OBJ
C:\USERS\HAHA\DESKTOP\BB_21_0_UNDEFINED\RELEASE\PROT.OBJ
C:\USERS\HAHA\DESKTOP\BB_21_0_UNDEFINED\RELEASE\PQRT.OBJ
C:\USERS\HAHA\DESKTOP\BB_21_0_UNDEFINED\RELEASE\PPIP.OBJ
C:\USERS\HAHA\DESKTOP\BB_21_0_UNDEFINED\RELEASE\PLUT.OBJ
C:\USERS\HAHA\DESKTOP\BB_21_0_UNDEFINED\RELEASE\PLSM.OBJ
C:\USERS\HAHA\DESKTOP\BB_21_0_UNDEFINED\RELEASE\PLNT.OBJ
C:\USERS\HAHA\DESKTOP\BB_21_0_UNDEFINED\RELEASE\PLEX.OBJ
C:\USERS\HAHA\DESKTOP\BB_21_0_UNDEFINED\RELEASE\PIPE.OBJ
C:\USERS\HAHA\DESKTOP\BB_21_0_UNDEFINED\RELEASE\PHOT.OBJ
C:\USERS\HAHA\DESKTOP\BB_21_0_UNDEFINED\RELEASE\PCLN.OBJ
C:\USERS\HAHA\DESKTOP\BB_21_0_UNDEFINED\RELEASE\PBCN.OBJ
C:\USERS\HAHA\DESKTOP\BB_21_0_UNDEFINED\RELEASE\SPRK.OBJ
C:\USERS\HAHA\DESKTOP\BB_21_0_UNDEFINED\RELEASE\SPNG.OBJ
C:\USERS\HAHA\DESKTOP\BB_21_0_UNDEFINED\RELEASE\SPAWN2.OBJ
C:\USERS\HAHA\DESKTOP\BB_21_0_UNDEFINED\RELEASE\SPAWN.OBJ
C:\USERS\HAHA\DESKTOP\BB_21_0_UNDEFINED\RELEASE\SOAP.OBJ
C:\USERS\HAHA\DESKTOP\BB_21_0_UNDEFINED\RELEASE\SNOW.OBJ
C:\USERS\HAHA\DESKTOP\BB_21_0_UNDEFINED\RELEASE\SMKE.OBJ
C:\USERS\HAHA\DESKTOP\BB_21_0_UNDEFINED\RELEASE\SLTW.OBJ
C:\USERS\HAHA\DESKTOP\BB_21_0_UNDEFINED\RELEASE\SING.OBJ
C:\USERS\HAHA\DESKTOP\BB_21_0_UNDEFINED\RELEASE\SHLD4.OBJ
C:\USERS\HAHA\DESKTOP\BB_21_0_UNDEFINED\RELEASE\SHLD3.OBJ
C:\USERS\HAHA\DESKTOP\BB_21_0_UNDEFINED\RELEASE\SHLD2.OBJ
C:\USERS\HAHA\DESKTOP\BB_21_0_UNDEFINED\RELEASE\SHLD1.OBJ
C:\USERS\HAHA\DESKTOP\BB_21_0_UNDEFINED\RELEASE\SAND.OBJ
C:\USERS\HAHA\DESKTOP\BB_21_0_UNDEFINED\RELEASE\SALT.OBJ
C:\USERS\HAHA\DESKTOP\BB_21_0_UNDEFINED\RELEASE\RIME.OBJ
C:\USERS\HAHA\DESKTOP\BB_21_0_UNDEFINED\RELEASE\REPL.OBJ
C:\USERS\HAHA\DESKTOP\BB_21_0_UNDEFINED\RELEASE\RBDM.OBJ
C:\USERS\HAHA\DESKTOP\BB_21_0_UNDEFINED\RELEASE\QRTZ.OBJ
C:\USERS\HAHA\DESKTOP\BB_21_0_UNDEFINED\RELEASE\PVOD.OBJ
C:\USERS\HAHA\DESKTOP\BB_21_0_UNDEFINED\RELEASE\WARP.OBJ
C:\USERS\HAHA\DESKTOP\BB_21_0_UNDEFINED\RELEASE\VRSS.OBJ
C:\USERS\HAHA\DESKTOP\BB_21_0_UNDEFINED\RELEASE\VRSG.OBJ
C:\USERS\HAHA\DESKTOP\BB_21_0_UNDEFINED\RELEASE\VOID.OBJ
C:\USERS\HAHA\DESKTOP\BB_21_0_UNDEFINED\RELEASE\VIRS.OBJ
C:\USERS\HAHA\DESKTOP\BB_21_0_UNDEFINED\RELEASE\VINE.OBJ
C:\USERS\HAHA\DESKTOP\BB_21_0_UNDEFINED\RELEASE\VIBR.OBJ
C:\USERS\HAHA\DESKTOP\BB_21_0_UNDEFINED\RELEASE\URAN.OBJ
C:\USERS\HAHA\DESKTOP\BB_21_0_UNDEFINED\RELEASE\TUNG.OBJ
C:\USERS\HAHA\DESKTOP\BB_21_0_UNDEFINED\RELEASE\TTAN.OBJ
C:\USERS\HAHA\DESKTOP\BB_21_0_UNDEFINED\RELEASE\TSNS.OBJ
C:\USERS\HAHA\DESKTOP\BB_21_0_UNDEFINED\RELEASE\TRON.OBJ
C:\USERS\HAHA\DESKTOP\BB_21_0_UNDEFINED\RELEASE\THRM.OBJ
C:\USERS\HAHA\DESKTOP\BB_21_0_UNDEFINED\RELEASE\THDR.OBJ
C:\USERS\HAHA\DESKTOP\BB_21_0_UNDEFINED\RELEASE\TESC.OBJ
C:\USERS\HAHA\DESKTOP\BB_21_0_UNDEFINED\RELEASE\SWCH.OBJ
C:\USERS\HAHA\DESKTOP\BB_21_0_UNDEFINED\RELEASE\STOR.OBJ
C:\USERS\HAHA\DESKTOP\BB_21_0_UNDEFINED\RELEASE\STNE.OBJ
C:\USERS\HAHA\DESKTOP\BB_21_0_UNDEFINED\RELEASE\STKM2.OBJ
C:\USERS\HAHA\DESKTOP\BB_21_0_UNDEFINED\RELEASE\STKM.OBJ
C:\USERS\HAHA\DESKTOP\BB_21_0_UNDEFINED\RELEASE\SIMULATION.OBJ
C:\USERS\HAHA\DESKTOP\BB_21_0_UNDEFINED\RELEASE\VAC.OBJ
C:\USERS\HAHA\DESKTOP\BB_21_0_UNDEFINED\RELEASE\SIMTOOL.OBJ
C:\USERS\HAHA\DESKTOP\BB_21_0_UNDEFINED\RELEASE\PGRV.OBJ
C:\USERS\HAHA\DESKTOP\BB_21_0_UNDEFINED\RELEASE\NGRV.OBJ
C:\USERS\HAHA\DESKTOP\BB_21_0_UNDEFINED\RELEASE\HEAT.OBJ
C:\USERS\HAHA\DESKTOP\BB_21_0_UNDEFINED\RELEASE\COOL.OBJ
C:\USERS\HAHA\DESKTOP\BB_21_0_UNDEFINED\RELEASE\AIRTOOL.OBJ
C:\USERS\HAHA\DESKTOP\BB_21_0_UNDEFINED\RELEASE\SIGN.OBJ
C:\USERS\HAHA\DESKTOP\BB_21_0_UNDEFINED\RELEASE\SAVERENDERER.OBJ
C:\USERS\HAHA\DESKTOP\BB_21_0_UNDEFINED\RELEASE\PARTICLE.OBJ
C:\USERS\HAHA\DESKTOP\BB_21_0_UNDEFINED\RELEASE\GRAVITY.OBJ
C:\USERS\HAHA\DESKTOP\BB_21_0_UNDEFINED\RELEASE\YEST.OBJ
C:\USERS\HAHA\DESKTOP\BB_21_0_UNDEFINED\RELEASE\WTRV.OBJ
C:\USERS\HAHA\DESKTOP\BB_21_0_UNDEFINED\RELEASE\WOOD.OBJ
C:\USERS\HAHA\DESKTOP\BB_21_0_UNDEFINED\RELEASE\WIRE.OBJ
C:\USERS\HAHA\DESKTOP\BB_21_0_UNDEFINED\RELEASE\WIFI.OBJ
C:\USERS\HAHA\DESKTOP\BB_21_0_UNDEFINED\RELEASE\WHOL.OBJ
C:\USERS\HAHA\DESKTOP\BB_21_0_UNDEFINED\RELEASE\WAX.OBJ
C:\USERS\HAHA\DESKTOP\BB_21_0_UNDEFINED\RELEASE\WATR.OBJ
C:\USERS\HAHA\DESKTOP\BB_21_0_UNDEFINED\RELEASE\UPDATE.OBJ
C:\USERS\HAHA\DESKTOP\BB_21_0_UNDEFINED\RELEASE\TASKWINDOW.OBJ
C:\USERS\HAHA\DESKTOP\BB_21_0_UNDEFINED\RELEASE\TASK.OBJ
C:\USERS\HAHA\DESKTOP\BB_21_0_UNDEFINED\RELEASE\SOCKET.LUA.OBJ
C:\USERS\HAHA\DESKTOP\BB_21_0_UNDEFINED\RELEASE\SIMULATIONDATA.OBJ
C:\USERS\HAHA\DESKTOP\BB_21_0_UNDEFINED\RELEASE\VC110.PDB
C:\USERS\HAHA\DESKTOP\BB_21_0_UNDEFINED\RELEASE\WSOCKET.OBJ
C:\USERS\HAHA\DESKTOP\BB_21_0_UNDEFINED\RELEASE\USOCKET.OBJ
C:\USERS\HAHA\DESKTOP\BB_21_0_UNDEFINED\RELEASE\UNIX.OBJ
C:\USERS\HAHA\DESKTOP\BB_21_0_UNDEFINED\RELEASE\UDP.OBJ
C:\USERS\HAHA\DESKTOP\BB_21_0_UNDEFINED\RELEASE\TIMEOUT.OBJ
C:\USERS\HAHA\DESKTOP\BB_21_0_UNDEFINED\RELEASE\TCP.OBJ
C:\USERS\HAHA\DESKTOP\BB_21_0_UNDEFINED\RELEASE\SELECT.OBJ
C:\USERS\HAHA\DESKTOP\BB_21_0_UNDEFINED\RELEASE\OPTIONS.OBJ
C:\USERS\HAHA\DESKTOP\BB_21_0_UNDEFINED\RELEASE\LUASOCKET.OBJ
C:\USERS\HAHA\DESKTOP\BB_21_0_UNDEFINED\RELEASE\IO.OBJ
C:\USERS\HAHA\DESKTOP\BB_21_0_UNDEFINED\RELEASE\INET.OBJ
C:\USERS\HAHA\DESKTOP\BB_21_0_UNDEFINED\RELEASE\EXCEPT.OBJ
C:\USERS\HAHA\DESKTOP\BB_21_0_UNDEFINED\RELEASE\BUFFER.OBJ
C:\USERS\HAHA\DESKTOP\BB_21_0_UNDEFINED\RELEASE\AUXILIAR.OBJ
C:\USERS\HAHA\DESKTOP\BB_21_0_UNDEFINED\RELEASE\LITM.OBJ
C:\USERS\HAHA\DESKTOP\BB_21_0_UNDEFINED\RELEASE\POWDER-RES.RES
C:\Users\haha\Desktop\BB_21_0_UNDEFINED\Release\116.obj
C:\Users\haha\Desktop\BB_21_0_UNDEFINED\Release\146.obj
C:\Users\haha\Desktop\BB_21_0_UNDEFINED\Release\ACEL.obj
C:\Users\haha\Desktop\BB_21_0_UNDEFINED\Release\ACID.obj
C:\Users\haha\Desktop\BB_21_0_UNDEFINED\Release\Air.obj
C:\Users\haha\Desktop\BB_21_0_UNDEFINED\Release\AirTool.obj
C:\Users\haha\Desktop\BB_21_0_UNDEFINED\Release\AMTR.obj
C:\Users\haha\Desktop\BB_21_0_UNDEFINED\Release\ANAR.obj
C:\Users\haha\Desktop\BB_21_0_UNDEFINED\Release\APIRequest.obj
C:\Users\haha\Desktop\BB_21_0_UNDEFINED\Release\Appearance.obj
C:\Users\haha\Desktop\BB_21_0_UNDEFINED\Release\ARAY.obj
C:\Users\haha\Desktop\BB_21_0_UNDEFINED\Release\auxiliar.obj
C:\Users\haha\Desktop\BB_21_0_UNDEFINED\Release\AvatarButton.obj
C:\Users\haha\Desktop\BB_21_0_UNDEFINED\Release\BANG.obj
C:\Users\haha\Desktop\BB_21_0_UNDEFINED\Release\BCLN.obj
C:\Users\haha\Desktop\BB_21_0_UNDEFINED\Release\BCOL.obj
C:\Users\haha\Desktop\BB_21_0_UNDEFINED\Release\BGLA.obj
C:\Users\haha\Desktop\BB_21_0_UNDEFINED\Release\BHOL.obj
C:\Users\haha\Desktop\BB_21_0_UNDEFINED\Release\BIZR.obj
C:\Users\haha\Desktop\BB_21_0_UNDEFINED\Release\BIZRG.obj
C:\Users\haha\Desktop\BB_21_0_UNDEFINED\Release\BIZRS.obj
C:\Users\haha\Desktop\BB_21_0_UNDEFINED\Release\BMTL.obj
C:\Users\haha\Desktop\BB_21_0_UNDEFINED\Release\BOMB.obj
C:\Users\haha\Desktop\BB_21_0_UNDEFINED\Release\BOYL.obj
C:\Users\haha\Desktop\BB_21_0_UNDEFINED\Release\BRAY.obj
C:\Users\haha\Desktop\BB_21_0_UNDEFINED\Release\BRCK.obj
C:\Users\haha\Desktop\BB_21_0_UNDEFINED\Release\BREC.obj
C:\Users\haha\Desktop\BB_21_0_UNDEFINED\Release\BRMT.obj
C:\Users\haha\Desktop\BB_21_0_UNDEFINED\Release\Brush.obj
C:\Users\haha\Desktop\BB_21_0_UNDEFINED\Release\BSON.obj
C:\Users\haha\Desktop\BB_21_0_UNDEFINED\Release\BTRY.obj
C:\Users\haha\Desktop\BB_21_0_UNDEFINED\Release\buffer.obj
C:\Users\haha\Desktop\BB_21_0_UNDEFINED\Release\Button.obj
C:\Users\haha\Desktop\BB_21_0_UNDEFINED\Release\BVBR.obj
C:\Users\haha\Desktop\BB_21_0_UNDEFINED\Release\C5.obj
C:\Users\haha\Desktop\BB_21_0_UNDEFINED\Release\CAUS.obj
C:\Users\haha\Desktop\BB_21_0_UNDEFINED\Release\CBNW.obj
C:\Users\haha\Desktop\BB_21_0_UNDEFINED\Release\CFLM.obj
C:\Users\haha\Desktop\BB_21_0_UNDEFINED\Release\Checkbox.obj
C:\Users\haha\Desktop\BB_21_0_UNDEFINED\Release\Client.obj
C:\Users\haha\Desktop\BB_21_0_UNDEFINED\Release\CLNE.obj
C:\Users\haha\Desktop\BB_21_0_UNDEFINED\Release\CLST.obj
C:\Users\haha\Desktop\BB_21_0_UNDEFINED\Release\CNCT.obj
C:\Users\haha\Desktop\BB_21_0_UNDEFINED\Release\CO2.obj
C:\Users\haha\Desktop\BB_21_0_UNDEFINED\Release\COAL.obj
C:\Users\haha\Desktop\BB_21_0_UNDEFINED\Release\ColourPickerActivity.obj
C:\Users\haha\Desktop\BB_21_0_UNDEFINED\Release\CommandInterface.obj
C:\Users\haha\Desktop\BB_21_0_UNDEFINED\Release\Component.obj
C:\Users\haha\Desktop\BB_21_0_UNDEFINED\Release\ConfirmPrompt.obj
C:\Users\haha\Desktop\BB_21_0_UNDEFINED\Release\ConsoleController.obj
C:\Users\haha\Desktop\BB_21_0_UNDEFINED\Release\ConsoleModel.obj
C:\Users\haha\Desktop\BB_21_0_UNDEFINED\Release\ConsoleView.obj
C:\Users\haha\Desktop\BB_21_0_UNDEFINED\Release\ContextMenu.obj
C:\Users\haha\Desktop\BB_21_0_UNDEFINED\Release\CONV.obj
C:\Users\haha\Desktop\BB_21_0_UNDEFINED\Release\Cool.obj
C:\Users\haha\Desktop\BB_21_0_UNDEFINED\Release\CopyTextButton.obj
C:\Users\haha\Desktop\BB_21_0_UNDEFINED\Release\CRAY.obj
C:\Users\haha\Desktop\BB_21_0_UNDEFINED\Release\DCEL.obj
C:\Users\haha\Desktop\BB_21_0_UNDEFINED\Release\DESL.obj
C:\Users\haha\Desktop\BB_21_0_UNDEFINED\Release\DEST.obj
C:\Users\haha\Desktop\BB_21_0_UNDEFINED\Release\DEUT.obj
C:\Users\haha\Desktop\BB_21_0_UNDEFINED\Release\DLAY.obj
C:\Users\haha\Desktop\BB_21_0_UNDEFINED\Release\DMG.obj
C:\Users\haha\Desktop\BB_21_0_UNDEFINED\Release\DMND.obj
C:\Users\haha\Desktop\BB_21_0_UNDEFINED\Release\DRIC.obj
C:\Users\haha\Desktop\BB_21_0_UNDEFINED\Release\DropDown.obj
C:\Users\haha\Desktop\BB_21_0_UNDEFINED\Release\DSTW.obj
C:\Users\haha\Desktop\BB_21_0_UNDEFINED\Release\DTEC.obj
C:\Users\haha\Desktop\BB_21_0_UNDEFINED\Release\DUST.obj
C:\Users\haha\Desktop\BB_21_0_UNDEFINED\Release\DYST.obj
C:\Users\haha\Desktop\BB_21_0_UNDEFINED\Release\ELEC.obj
C:\Users\haha\Desktop\BB_21_0_UNDEFINED\Release\Element.obj
C:\Users\haha\Desktop\BB_21_0_UNDEFINED\Release\ElementClasses.obj
C:\Users\haha\Desktop\BB_21_0_UNDEFINED\Release\ElementPopulation.obj
C:\Users\haha\Desktop\BB_21_0_UNDEFINED\Release\elements.obj
C:\Users\haha\Desktop\BB_21_0_UNDEFINED\Release\ElementSearchActivity.obj
C:\Users\haha\Desktop\BB_21_0_UNDEFINED\Release\EMBR.obj
C:\Users\haha\Desktop\BB_21_0_UNDEFINED\Release\EMP.obj
C:\Users\haha\Desktop\BB_21_0_UNDEFINED\Release\Engine.obj
C:\Users\haha\Desktop\BB_21_0_UNDEFINED\Release\ErrorMessage.obj
C:\Users\haha\Desktop\BB_21_0_UNDEFINED\Release\ETRD.obj
C:\Users\haha\Desktop\BB_21_0_UNDEFINED\Release\except.obj
C:\Users\haha\Desktop\BB_21_0_UNDEFINED\Release\EXOT.obj
C:\Users\haha\Desktop\BB_21_0_UNDEFINED\Release\FIGH.obj
C:\Users\haha\Desktop\BB_21_0_UNDEFINED\Release\FileBrowserActivity.obj
C:\Users\haha\Desktop\BB_21_0_UNDEFINED\Release\FILT.obj
C:\Users\haha\Desktop\BB_21_0_UNDEFINED\Release\FIRE.obj
C:\Users\haha\Desktop\BB_21_0_UNDEFINED\Release\FIRW.obj
C:\Users\haha\Desktop\BB_21_0_UNDEFINED\Release\FOG.obj
C:\Users\haha\Desktop\BB_21_0_UNDEFINED\Release\Format.obj
C:\Users\haha\Desktop\BB_21_0_UNDEFINED\Release\FRAY.obj
C:\Users\haha\Desktop\BB_21_0_UNDEFINED\Release\FRME.obj
C:\Users\haha\Desktop\BB_21_0_UNDEFINED\Release\FRZW.obj
C:\Users\haha\Desktop\BB_21_0_UNDEFINED\Release\FRZZ.obj
C:\Users\haha\Desktop\BB_21_0_UNDEFINED\Release\FSEP.obj
C:\Users\haha\Desktop\BB_21_0_UNDEFINED\Release\FUSE.obj
C:\Users\haha\Desktop\BB_21_0_UNDEFINED\Release\FWRK.obj
C:\Users\haha\Desktop\BB_21_0_UNDEFINED\Release\GameController.obj
C:\Users\haha\Desktop\BB_21_0_UNDEFINED\Release\GameModel.obj
C:\Users\haha\Desktop\BB_21_0_UNDEFINED\Release\GameSave.obj
C:\Users\haha\Desktop\BB_21_0_UNDEFINED\Release\GameView.obj
C:\Users\haha\Desktop\BB_21_0_UNDEFINED\Release\GAS.obj
C:\Users\haha\Desktop\BB_21_0_UNDEFINED\Release\GBMB.obj
C:\Users\haha\Desktop\BB_21_0_UNDEFINED\Release\GEL.obj
C:\Users\haha\Desktop\BB_21_0_UNDEFINED\Release\GLAS.obj
C:\Users\haha\Desktop\BB_21_0_UNDEFINED\Release\GLOW.obj
C:\Users\haha\Desktop\BB_21_0_UNDEFINED\Release\GOLD.obj
C:\Users\haha\Desktop\BB_21_0_UNDEFINED\Release\GOO.obj
C:\Users\haha\Desktop\BB_21_0_UNDEFINED\Release\GPMP.obj
C:\Users\haha\Desktop\BB_21_0_UNDEFINED\Release\Graphics.obj
C:\Users\haha\Desktop\BB_21_0_UNDEFINED\Release\GRAV.obj
C:\Users\haha\Desktop\BB_21_0_UNDEFINED\Release\Gravity.obj
C:\Users\haha\Desktop\BB_21_0_UNDEFINED\Release\GUNP.obj
C:\Users\haha\Desktop\BB_21_0_UNDEFINED\Release\H2.obj
C:\Users\haha\Desktop\BB_21_0_UNDEFINED\Release\Heat.obj
C:\Users\haha\Desktop\BB_21_0_UNDEFINED\Release\HSWC.obj
C:\Users\haha\Desktop\BB_21_0_UNDEFINED\Release\HTTP.obj
C:\Users\haha\Desktop\BB_21_0_UNDEFINED\Release\ICEI.obj
C:\Users\haha\Desktop\BB_21_0_UNDEFINED\Release\IGNT.obj
C:\Users\haha\Desktop\BB_21_0_UNDEFINED\Release\ImageRequest.obj
C:\Users\haha\Desktop\BB_21_0_UNDEFINED\Release\inet.obj
C:\Users\haha\Desktop\BB_21_0_UNDEFINED\Release\InformationMessage.obj
C:\Users\haha\Desktop\BB_21_0_UNDEFINED\Release\INSL.obj
C:\Users\haha\Desktop\BB_21_0_UNDEFINED\Release\INST.obj
C:\Users\haha\Desktop\BB_21_0_UNDEFINED\Release\INVIS.obj
C:\Users\haha\Desktop\BB_21_0_UNDEFINED\Release\INWR.obj
C:\Users\haha\Desktop\BB_21_0_UNDEFINED\Release\io.obj
C:\Users\haha\Desktop\BB_21_0_UNDEFINED\Release\IRON.obj
C:\Users\haha\Desktop\BB_21_0_UNDEFINED\Release\ISOZ.obj
C:\Users\haha\Desktop\BB_21_0_UNDEFINED\Release\ISZS.obj
C:\Users\haha\Desktop\BB_21_0_UNDEFINED\Release\Label.obj
C:\Users\haha\Desktop\BB_21_0_UNDEFINED\Release\LAVA.obj
C:\Users\haha\Desktop\BB_21_0_UNDEFINED\Release\LCRY.obj
C:\Users\haha\Desktop\BB_21_0_UNDEFINED\Release\LegacyLuaAPI.obj
C:\Users\haha\Desktop\BB_21_0_UNDEFINED\Release\LIFE.obj
C:\Users\haha\Desktop\BB_21_0_UNDEFINED\Release\LIGH.obj
C:\Users\haha\Desktop\BB_21_0_UNDEFINED\Release\LITM.obj
C:\Users\haha\Desktop\BB_21_0_UNDEFINED\Release\LNTG.obj
C:\Users\haha\Desktop\BB_21_0_UNDEFINED\Release\LO2.obj
C:\Users\haha\Desktop\BB_21_0_UNDEFINED\Release\LocalBrowserController.obj
C:\Users\haha\Desktop\BB_21_0_UNDEFINED\Release\LocalBrowserModel.obj
C:\Users\haha\Desktop\BB_21_0_UNDEFINED\Release\LocalBrowserView.obj
C:\Users\haha\Desktop\BB_21_0_UNDEFINED\Release\LocalSaveActivity.obj
C:\Users\haha\Desktop\BB_21_0_UNDEFINED\Release\LoginController.obj
C:\Users\haha\Desktop\BB_21_0_UNDEFINED\Release\LoginModel.obj
C:\Users\haha\Desktop\BB_21_0_UNDEFINED\Release\LoginView.obj
C:\Users\haha\Desktop\BB_21_0_UNDEFINED\Release\LOLZ.obj
C:\Users\haha\Desktop\BB_21_0_UNDEFINED\Release\LOVE.obj
C:\Users\haha\Desktop\BB_21_0_UNDEFINED\Release\LRBD.obj
C:\Users\haha\Desktop\BB_21_0_UNDEFINED\Release\LuaBit.obj
C:\Users\haha\Desktop\BB_21_0_UNDEFINED\Release\LuaButton.obj
C:\Users\haha\Desktop\BB_21_0_UNDEFINED\Release\LuaCheckbox.obj
C:\Users\haha\Desktop\BB_21_0_UNDEFINED\Release\LuaComponent.obj
C:\Users\haha\Desktop\BB_21_0_UNDEFINED\Release\LuaLabel.obj
C:\Users\haha\Desktop\BB_21_0_UNDEFINED\Release\LuaProgressBar.obj
C:\Users\haha\Desktop\BB_21_0_UNDEFINED\Release\LuaScriptInterface.obj
C:\Users\haha\Desktop\BB_21_0_UNDEFINED\Release\LuaSlider.obj
C:\Users\haha\Desktop\BB_21_0_UNDEFINED\Release\luasocket.obj
C:\Users\haha\Desktop\BB_21_0_UNDEFINED\Release\LuaTextbox.obj
C:\Users\haha\Desktop\BB_21_0_UNDEFINED\Release\LuaWindow.obj
C:\Users\haha\Desktop\BB_21_0_UNDEFINED\Release\MD5.obj
C:\Users\haha\Desktop\BB_21_0_UNDEFINED\Release\MERC.obj
C:\Users\haha\Desktop\BB_21_0_UNDEFINED\Release\METL.obj
C:\Users\haha\Desktop\BB_21_0_UNDEFINED\Release\Misc.obj
C:\Users\haha\Desktop\BB_21_0_UNDEFINED\Release\MORT.obj
C:\Users\haha\Desktop\BB_21_0_UNDEFINED\Release\MWAX.obj
C:\Users\haha\Desktop\BB_21_0_UNDEFINED\Release\NBHL.obj
C:\Users\haha\Desktop\BB_21_0_UNDEFINED\Release\NBLE.obj
C:\Users\haha\Desktop\BB_21_0_UNDEFINED\Release\NEUT.obj
C:\Users\haha\Desktop\BB_21_0_UNDEFINED\Release\NGrv.obj
C:\Users\haha\Desktop\BB_21_0_UNDEFINED\Release\NICE.obj
C:\Users\haha\Desktop\BB_21_0_UNDEFINED\Release\NITR.obj
C:\Users\haha\Desktop\BB_21_0_UNDEFINED\Release\NONE.obj
C:\Users\haha\Desktop\BB_21_0_UNDEFINED\Release\NSCN.obj
C:\Users\haha\Desktop\BB_21_0_UNDEFINED\Release\NTCT.obj
C:\Users\haha\Desktop\BB_21_0_UNDEFINED\Release\NWHL.obj
C:\Users\haha\Desktop\BB_21_0_UNDEFINED\Release\O2.obj
C:\Users\haha\Desktop\BB_21_0_UNDEFINED\Release\OIL.obj
C:\Users\haha\Desktop\BB_21_0_UNDEFINED\Release\OpenGLCanvasWin32.obj
C:\Users\haha\Desktop\BB_21_0_UNDEFINED\Release\OpenGLGraphics.obj
C:\Users\haha\Desktop\BB_21_0_UNDEFINED\Release\options.obj
C:\Users\haha\Desktop\BB_21_0_UNDEFINED\Release\OptionsController.obj
C:\Users\haha\Desktop\BB_21_0_UNDEFINED\Release\OptionsModel.obj
C:\Users\haha\Desktop\BB_21_0_UNDEFINED\Release\OptionsView.obj
C:\Users\haha\Desktop\BB_21_0_UNDEFINED\Release\Panel.obj
C:\Users\haha\Desktop\BB_21_0_UNDEFINED\Release\Particle.obj
C:\Users\haha\Desktop\BB_21_0_UNDEFINED\Release\PBCN.obj
C:\Users\haha\Desktop\BB_21_0_UNDEFINED\Release\PCLN.obj
C:\Users\haha\Desktop\BB_21_0_UNDEFINED\Release\PGrv.obj
C:\Users\haha\Desktop\BB_21_0_UNDEFINED\Release\PHOT.obj
C:\Users\haha\Desktop\BB_21_0_UNDEFINED\Release\PIPE.obj
C:\Users\haha\Desktop\BB_21_0_UNDEFINED\Release\PLEX.obj
C:\Users\haha\Desktop\BB_21_0_UNDEFINED\Release\PLNT.obj
C:\Users\haha\Desktop\BB_21_0_UNDEFINED\Release\PLSM.obj
C:\Users\haha\Desktop\BB_21_0_UNDEFINED\Release\PLUT.obj
C:\Users\haha\Desktop\BB_21_0_UNDEFINED\Release\PowderToyJava.obj
C:\Users\haha\Desktop\BB_21_0_UNDEFINED\Release\PowderToyRenderer.obj
C:\Users\haha\Desktop\BB_21_0_UNDEFINED\Release\PowderToySDL.obj
C:\Users\haha\Desktop\BB_21_0_UNDEFINED\Release\PPIP.obj
C:\Users\haha\Desktop\BB_21_0_UNDEFINED\Release\PQRT.obj
C:\Users\haha\Desktop\BB_21_0_UNDEFINED\Release\PreviewController.obj
C:\Users\haha\Desktop\BB_21_0_UNDEFINED\Release\PreviewModel.obj
C:\Users\haha\Desktop\BB_21_0_UNDEFINED\Release\PreviewView.obj
C:\Users\haha\Desktop\BB_21_0_UNDEFINED\Release\ProfileActivity.obj
C:\Users\haha\Desktop\BB_21_0_UNDEFINED\Release\ProgressBar.obj
C:\Users\haha\Desktop\BB_21_0_UNDEFINED\Release\PropertyTool.obj
C:\Users\haha\Desktop\BB_21_0_UNDEFINED\Release\PROT.obj
C:\Users\haha\Desktop\BB_21_0_UNDEFINED\Release\PRTI.obj
C:\Users\haha\Desktop\BB_21_0_UNDEFINED\Release\PRTO.obj
C:\Users\haha\Desktop\BB_21_0_UNDEFINED\Release\PSCN.obj
C:\Users\haha\Desktop\BB_21_0_UNDEFINED\Release\PSNS.obj
C:\Users\haha\Desktop\BB_21_0_UNDEFINED\Release\PSTE.obj
C:\Users\haha\Desktop\BB_21_0_UNDEFINED\Release\PSTN.obj
C:\Users\haha\Desktop\BB_21_0_UNDEFINED\Release\PSTS.obj
C:\Users\haha\Desktop\BB_21_0_UNDEFINED\Release\PTCT.obj
C:\Users\haha\Desktop\BB_21_0_UNDEFINED\Release\PUMP.obj
C:\Users\haha\Desktop\BB_21_0_UNDEFINED\Release\PVOD.obj
C:\Users\haha\Desktop\BB_21_0_UNDEFINED\Release\QRTZ.obj
C:\Users\haha\Desktop\BB_21_0_UNDEFINED\Release\RasterGraphics.obj
C:\Users\haha\Desktop\BB_21_0_UNDEFINED\Release\RBDM.obj
C:\Users\haha\Desktop\BB_21_0_UNDEFINED\Release\reader.obj
C:\Users\haha\Desktop\BB_21_0_UNDEFINED\Release\RenderController.obj
C:\Users\haha\Desktop\BB_21_0_UNDEFINED\Release\Renderer.obj
C:\Users\haha\Desktop\BB_21_0_UNDEFINED\Release\RenderModel.obj
C:\Users\haha\Desktop\BB_21_0_UNDEFINED\Release\RenderView.obj
C:\Users\haha\Desktop\BB_21_0_UNDEFINED\Release\REPL.obj
C:\Users\haha\Desktop\BB_21_0_UNDEFINED\Release\RequestBroker.obj
C:\Users\haha\Desktop\BB_21_0_UNDEFINED\Release\resampler.obj
C:\Users\haha\Desktop\BB_21_0_UNDEFINED\Release\RichLabel.obj
C:\Users\haha\Desktop\BB_21_0_UNDEFINED\Release\RIME.obj
C:\Users\haha\Desktop\BB_21_0_UNDEFINED\Release\SALT.obj
C:\Users\haha\Desktop\BB_21_0_UNDEFINED\Release\SampleTool.obj
C:\Users\haha\Desktop\BB_21_0_UNDEFINED\Release\SAND.obj
C:\Users\haha\Desktop\BB_21_0_UNDEFINED\Release\SaveButton.obj
C:\Users\haha\Desktop\BB_21_0_UNDEFINED\Release\SaveFile.obj
C:\Users\haha\Desktop\BB_21_0_UNDEFINED\Release\SaveIDMessage.obj
C:\Users\haha\Desktop\BB_21_0_UNDEFINED\Release\SaveInfo.obj
C:\Users\haha\Desktop\BB_21_0_UNDEFINED\Release\SaveRenderer.obj
C:\Users\haha\Desktop\BB_21_0_UNDEFINED\Release\ScrollPanel.obj
C:\Users\haha\Desktop\BB_21_0_UNDEFINED\Release\SearchController.obj
C:\Users\haha\Desktop\BB_21_0_UNDEFINED\Release\SearchModel.obj
C:\Users\haha\Desktop\BB_21_0_UNDEFINED\Release\SearchView.obj
C:\Users\haha\Desktop\BB_21_0_UNDEFINED\Release\select.obj
C:\Users\haha\Desktop\BB_21_0_UNDEFINED\Release\ServerSaveActivity.obj
C:\Users\haha\Desktop\BB_21_0_UNDEFINED\Release\SHLD1.obj
C:\Users\haha\Desktop\BB_21_0_UNDEFINED\Release\SHLD2.obj
C:\Users\haha\Desktop\BB_21_0_UNDEFINED\Release\SHLD3.obj
C:\Users\haha\Desktop\BB_21_0_UNDEFINED\Release\SHLD4.obj
C:\Users\haha\Desktop\BB_21_0_UNDEFINED\Release\Sign.obj
C:\Users\haha\Desktop\BB_21_0_UNDEFINED\Release\SignTool.obj
C:\Users\haha\Desktop\BB_21_0_UNDEFINED\Release\SimTool.obj
C:\Users\haha\Desktop\BB_21_0_UNDEFINED\Release\Simulation.obj
C:\Users\haha\Desktop\BB_21_0_UNDEFINED\Release\SimulationData.obj
C:\Users\haha\Desktop\BB_21_0_UNDEFINED\Release\SING.obj
C:\Users\haha\Desktop\BB_21_0_UNDEFINED\Release\Slider.obj
C:\Users\haha\Desktop\BB_21_0_UNDEFINED\Release\SLTW.obj
C:\Users\haha\Desktop\BB_21_0_UNDEFINED\Release\SMKE.obj
C:\Users\haha\Desktop\BB_21_0_UNDEFINED\Release\SNOW.obj
C:\Users\haha\Desktop\BB_21_0_UNDEFINED\Release\SOAP.obj
C:\Users\haha\Desktop\BB_21_0_UNDEFINED\Release\socket.lua.obj
C:\Users\haha\Desktop\BB_21_0_UNDEFINED\Release\SPAWN.obj
C:\Users\haha\Desktop\BB_21_0_UNDEFINED\Release\SPAWN2.obj
C:\Users\haha\Desktop\BB_21_0_UNDEFINED\Release\Spinner.obj
C:\Users\haha\Desktop\BB_21_0_UNDEFINED\Release\SPNG.obj
C:\Users\haha\Desktop\BB_21_0_UNDEFINED\Release\SPRK.obj
C:\Users\haha\Desktop\BB_21_0_UNDEFINED\Release\STKM.obj
C:\Users\haha\Desktop\BB_21_0_UNDEFINED\Release\STKM2.obj
C:\Users\haha\Desktop\BB_21_0_UNDEFINED\Release\STNE.obj
C:\Users\haha\Desktop\BB_21_0_UNDEFINED\Release\STOR.obj
C:\Users\haha\Desktop\BB_21_0_UNDEFINED\Release\Style.obj
C:\Users\haha\Desktop\BB_21_0_UNDEFINED\Release\SWCH.obj
C:\Users\haha\Desktop\BB_21_0_UNDEFINED\Release\TagsController.obj
C:\Users\haha\Desktop\BB_21_0_UNDEFINED\Release\TagsModel.obj
C:\Users\haha\Desktop\BB_21_0_UNDEFINED\Release\TagsView.obj
C:\Users\haha\Desktop\BB_21_0_UNDEFINED\Release\Task.obj
C:\Users\haha\Desktop\BB_21_0_UNDEFINED\Release\TaskWindow.obj
C:\Users\haha\Desktop\BB_21_0_UNDEFINED\Release\tcp.obj
C:\Users\haha\Desktop\BB_21_0_UNDEFINED\Release\TESC.obj
C:\Users\haha\Desktop\BB_21_0_UNDEFINED\Release\Textbox.obj
C:\Users\haha\Desktop\BB_21_0_UNDEFINED\Release\TextPrompt.obj
C:\Users\haha\Desktop\BB_21_0_UNDEFINED\Release\THDR.obj
C:\Users\haha\Desktop\BB_21_0_UNDEFINED\Release\THRM.obj
C:\Users\haha\Desktop\BB_21_0_UNDEFINED\Release\Thumbnail.obj
C:\Users\haha\Desktop\BB_21_0_UNDEFINED\Release\ThumbRenderRequest.obj
C:\Users\haha\Desktop\BB_21_0_UNDEFINED\Release\timeout.obj
C:\Users\haha\Desktop\BB_21_0_UNDEFINED\Release\Tool.obj
C:\Users\haha\Desktop\BB_21_0_UNDEFINED\Release\ToolButton.obj
C:\Users\haha\Desktop\BB_21_0_UNDEFINED\Release\ToolClasses.obj
C:\Users\haha\Desktop\BB_21_0_UNDEFINED\Release\TPTScriptInterface.obj
C:\Users\haha\Desktop\BB_21_0_UNDEFINED\Release\TPTSTypes.obj
C:\Users\haha\Desktop\BB_21_0_UNDEFINED\Release\TRON.obj
C:\Users\haha\Desktop\BB_21_0_UNDEFINED\Release\TSNS.obj
C:\Users\haha\Desktop\BB_21_0_UNDEFINED\Release\TTAN.obj
C:\Users\haha\Desktop\BB_21_0_UNDEFINED\Release\TUNG.obj
C:\Users\haha\Desktop\BB_21_0_UNDEFINED\Release\udp.obj
C:\Users\haha\Desktop\BB_21_0_UNDEFINED\Release\unix.obj
C:\Users\haha\Desktop\BB_21_0_UNDEFINED\Release\Update.obj
C:\Users\haha\Desktop\BB_21_0_UNDEFINED\Release\UpdateActivity.obj
C:\Users\haha\Desktop\BB_21_0_UNDEFINED\Release\URAN.obj
C:\Users\haha\Desktop\BB_21_0_UNDEFINED\Release\usocket.obj
C:\Users\haha\Desktop\BB_21_0_UNDEFINED\Release\Vac.obj
C:\Users\haha\Desktop\BB_21_0_UNDEFINED\Release\VIBR.obj
C:\Users\haha\Desktop\BB_21_0_UNDEFINED\Release\VINE.obj
C:\Users\haha\Desktop\BB_21_0_UNDEFINED\Release\VIRS.obj
C:\Users\haha\Desktop\BB_21_0_UNDEFINED\Release\VOID.obj
C:\Users\haha\Desktop\BB_21_0_UNDEFINED\Release\VRSG.obj
C:\Users\haha\Desktop\BB_21_0_UNDEFINED\Release\VRSS.obj
C:\Users\haha\Desktop\BB_21_0_UNDEFINED\Release\WARP.obj
C:\Users\haha\Desktop\BB_21_0_UNDEFINED\Release\WATR.obj
C:\Users\haha\Desktop\BB_21_0_UNDEFINED\Release\WAX.obj
C:\Users\haha\Desktop\BB_21_0_UNDEFINED\Release\WebRequest.obj
C:\Users\haha\Desktop\BB_21_0_UNDEFINED\Release\WHOL.obj
C:\Users\haha\Desktop\BB_21_0_UNDEFINED\Release\WIFI.obj
C:\Users\haha\Desktop\BB_21_0_UNDEFINED\Release\Window.obj
C:\Users\haha\Desktop\BB_21_0_UNDEFINED\Release\WIRE.obj
C:\Users\haha\Desktop\BB_21_0_UNDEFINED\Release\WOOD.obj
C:\Users\haha\Desktop\BB_21_0_UNDEFINED\Release\writer.obj
C:\Users\haha\Desktop\BB_21_0_UNDEFINED\Release\wsocket.obj
C:\Users\haha\Desktop\BB_21_0_UNDEFINED\Release\WTRV.obj
C:\Users\haha\Desktop\BB_21_0_UNDEFINED\Release\YEST.obj
C:\Users\haha\Desktop\BB_21_0_UNDEFINED\Release\cl.command.1.tlog
C:\Users\haha\Desktop\BB_21_0_UNDEFINED\Release\CL.read.1.tlog
C:\Users\haha\Desktop\BB_21_0_UNDEFINED\Release\CL.write.1.tlog
C:\Users\haha\Desktop\BB_21_0_UNDEFINED\Release\link-cvtres.read.1.tlog
C:\Users\haha\Desktop\BB_21_0_UNDEFINED\Release\link-cvtres.write.1.tlog
C:\Users\haha\Desktop\BB_21_0_UNDEFINED\Release\link-rc.read.1.tlog
C:\Users\haha\Desktop\BB_21_0_UNDEFINED\Release\link-rc.write.1.tlog
C:\Users\haha\Desktop\BB_21_0_UNDEFINED\Release\link.command.1.tlog
C:\Users\haha\Desktop\BB_21_0_UNDEFINED\Release\link.read.1.tlog
C:\Users\haha\Desktop\BB_21_0_UNDEFINED\Release\link.write.1.tlog
C:\Users\haha\Desktop\BB_21_0_UNDEFINED\Release\rc.command.1.tlog
C:\Users\haha\Desktop\BB_21_0_UNDEFINED\Release\rc.read.1.tlog
C:\Users\haha\Desktop\BB_21_0_UNDEFINED\Release\rc.write.1.tlog
C:\Users\haha\Desktop\BB_21_0_UNDEFINED\Release\powder-res.res
C:\Users\haha\Desktop\BB_21_0_UNDEFINED\Release\vc110.pdb
C:\Users\haha\Desktop\BB_21_0_UNDEFINED\Build\tpt++.pdb
