빌드 시작: 2014-07-30 오후 5:33:51
     1>2 노드의 "C:\Users\haha\Desktop\모드\화면 확대\tpt++.vcxproj" 프로젝트(Build 대상)입니다.
       프로젝트 파일에 ToolsVersion="12.0"이(가) 들어 있습니다. 이 도구 집합을 알 수 없거나 누락되었습니다. 이 도구 집합에 적합한 .NET Framework를 설치하면 이 문제를 해결할 수 있습니다. 프로젝트에 ToolsVersion="4.0"이 들어 있는 것으로 간주합니다.
     1>ClCompile:
         C:\Program Files (x86)\Microsoft Visual Studio 11.0\VC\bin\CL.exe /c /Zi /nologo /W0 /WX- /O2 /Oy- /D WIN32 /D NDEBUG /D _WINDOWS /D WIN /D X86 /D X86_SSE2 /D USE_SDL /D STABLE /D GRAVFFT /D LUACONSOLE /D _SCL_SECURE_NO_WARNINGS /Gm- /EHsc /MD /GS /fp:fast /Zc:wchar_t /Zc:forScope /Fo"Release\\" /Fd"Release\vc110.pdb" /Gd /TP /analyze- /errorReport:prompt src\Update.cpp src\simulation\Gravity.cpp src\simulation\Particle.cpp src\simulation\SaveRenderer.cpp src\simulation\Sign.cpp src\simulation\Simulation.cpp src\simulation\SimulationData.cpp src\simulation\elements\BREC.cpp src\simulation\elements\BRMT.cpp src\simulation\elements\BTRY.cpp src\simulation\elements\BVBR.cpp src\simulation\elements\C5.cpp src\simulation\elements\CAUS.cpp src\simulation\elements\CBNW.cpp src\simulation\elements\CFLM.cpp src\simulation\elements\CLNE.cpp src\simulation\elements\CLST.cpp src\simulation\elements\CNCT.cpp src\simulation\elements\CO2.cpp src\simulation\elements\COAL.cpp src\simulation\elements\CONV.cpp src\simulation\elements\CRAY.cpp src\simulation\elements\DCEL.cpp src\simulation\elements\DESL.cpp src\simulation\elements\DEST.cpp src\simulation\elements\DEUT.cpp src\simulation\elements\DLAY.cpp src\simulation\elements\DMG.cpp src\simulation\elements\DMND.cpp src\simulation\elements\DRIC.cpp src\simulation\elements\DSTW.cpp src\simulation\elements\DTEC.cpp src\simulation\elements\DUST.cpp src\simulation\elements\DYST.cpp src\simulation\elements\ELEC.cpp src\simulation\elements\EMBR.cpp src\simulation\elements\EMP.cpp src\simulation\elements\ETRD.cpp src\simulation\elements\EXOT.cpp src\simulation\elements\Element.cpp src\simulation\elements\FIGH.cpp src\simulation\elements\FILT.cpp src\simulation\elements\FIRE.cpp src\simulation\elements\FIRW.cpp src\simulation\elements\FOG.cpp src\simulation\elements\FRAY.cpp src\simulation\elements\FRME.cpp src\simulation\elements\FRZW.cpp src\simulation\elements\FRZZ.cpp src\simulation\elements\FSEP.cpp src\simulation\elements\FUSE.cpp src\simulation\elements\FWRK.cpp src\simulation\elements\GAS.cpp src\simulation\elements\GBMB.cpp src\simulation\elements\GEL.cpp src\simulation\elements\GLAS.cpp src\simulation\elements\GLOW.cpp src\simulation\elements\GOLD.cpp src\simulation\elements\GOO.cpp src\simulation\elements\GPMP.cpp src\simulation\elements\GRAV.cpp src\simulation\elements\GUNP.cpp src\simulation\elements\H2.cpp src\simulation\elements\HSWC.cpp src\simulation\elements\ICEI.cpp src\simulation\elements\IGNT.cpp src\simulation\elements\INSL.cpp src\simulation\elements\INST.cpp src\simulation\elements\INVIS.cpp src\simulation\elements\INWR.cpp src\simulation\elements\IRON.cpp src\simulation\elements\ISOZ.cpp src\simulation\elements\ISZS.cpp src\simulation\elements\LAVA.cpp src\simulation\elements\LCRY.cpp src\simulation\elements\LIFE.cpp src\simulation\elements\LIGH.cpp src\simulation\elements\LNTG.cpp src\simulation\elements\LO2.cpp src\simulation\elements\LOLZ.cpp src\simulation\elements\LOVE.cpp src\simulation\elements\LRBD.cpp src\simulation\elements\MERC.cpp src\simulation\elements\METL.cpp src\simulation\elements\MORT.cpp src\simulation\elements\MWAX.cpp src\simulation\elements\NBHL.cpp src\simulation\elements\NBLE.cpp src\simulation\elements\NEUT.cpp src\simulation\elements\NICE.cpp src\simulation\elements\NITR.cpp src\simulation\elements\NONE.cpp src\simulation\elements\NSCN.cpp src\simulation\elements\NTCT.cpp src\simulation\elements\NWHL.cpp src\simulation\elements\O2.cpp src\simulation\elements\OIL.cpp src\simulation\elements\PBCN.cpp src\simulation\elements\PCLN.cpp src\simulation\elements\PHOT.cpp src\simulation\elements\PIPE.cpp src\simulation\elements\PLEX.cpp src\simulation\elements\PLNT.cpp src\simulation\elements\PLSM.cpp src\simulation\elements\PLUT.cpp src\simulation\elements\PPIP.cpp src\simulation\elements\PQRT.cpp src\simulation\elements\PROT.cpp src\simulation\elements\PRTI.cpp src\simulation\elements\PRTO.cpp src\simulation\elements\PSCN.cpp src\simulation\elements\PSNS.cpp src\simulation\elements\PSTE.cpp src\simulation\elements\PSTN.cpp src\simulation\elements\PSTS.cpp src\simulation\elements\PTCT.cpp src\simulation\elements\PUMP.cpp src\simulation\elements\PVOD.cpp src\simulation\elements\QRTZ.cpp src\simulation\elements\RBDM.cpp src\simulation\elements\REPL.cpp src\simulation\elements\RIME.cpp src\simulation\elements\SALT.cpp src\simulation\elements\SAND.cpp src\simulation\elements\SHLD1.cpp src\simulation\elements\SHLD2.cpp src\simulation\elements\SHLD3.cpp src\simulation\elements\SHLD4.cpp src\simulation\elements\SING.cpp src\simulation\elements\SLTW.cpp src\simulation\elements\SMKE.cpp src\simulation\elements\SNOW.cpp src\simulation\elements\SOAP.cpp src\simulation\elements\SPAWN.cpp src\simulation\elements\SPAWN2.cpp src\simulation\elements\SPNG.cpp src\simulation\elements\SPRK.cpp src\simulation\elements\STKM.cpp src\simulation\elements\STKM2.cpp src\simulation\elements\STNE.cpp src\simulation\elements\STOR.cpp src\simulation\elements\SWCH.cpp src\simulation\elements\TESC.cpp src\simulation\elements\THDR.cpp src\simulation\elements\THRM.cpp src\simulation\elements\TRON.cpp src\simulation\elements\TSNS.cpp src\simulation\elements\TTAN.cpp src\simulation\elements\TUNG.cpp src\simulation\elements\URAN.cpp src\simulation\elements\VIBR.cpp src\simulation\elements\VINE.cpp src\simulation\elements\VIRS.cpp src\simulation\elements\VOID.cpp src\simulation\elements\VRSG.cpp src\simulation\elements\VRSS.cpp src\simulation\elements\WARP.cpp src\simulation\elements\WATR.cpp src\simulation\elements\WAX.cpp src\simulation\elements\WHOL.cpp src\simulation\elements\WIFI.cpp src\simulation\elements\WIRE.cpp src\simulation\elements\WOOD.cpp src\simulation\elements\WTRV.cpp src\simulation\elements\YEST.cpp src\simulation\simtools\AirTool.cpp src\simulation\simtools\Cool.cpp src\simulation\simtools\Heat.cpp src\simulation\simtools\NGrv.cpp src\simulation\simtools\PGrv.cpp src\simulation\simtools\SimTool.cpp src\simulation\simtools\Vac.cpp src\socket\socket.lua.cpp src\tasks\Task.cpp src\tasks\TaskWindow.cpp
         Update.cpp
         Gravity.cpp
         Particle.cpp
         SaveRenderer.cpp
         Sign.cpp
         Simulation.cpp
         SimulationData.cpp
         BREC.cpp
         BRMT.cpp
         BTRY.cpp
         BVBR.cpp
         C5.cpp
         CAUS.cpp
         CBNW.cpp
         CFLM.cpp
         CLNE.cpp
         CLST.cpp
         CNCT.cpp
         CO2.cpp
         COAL.cpp
         코드를 생성하고 있습니다...
         컴파일하고 있습니다...
         CONV.cpp
         CRAY.cpp
         DCEL.cpp
         DESL.cpp
         DEST.cpp
         DEUT.cpp
         DLAY.cpp
         DMG.cpp
         DMND.cpp
         DRIC.cpp
         DSTW.cpp
         DTEC.cpp
         DUST.cpp
         DYST.cpp
         ELEC.cpp
         EMBR.cpp
         EMP.cpp
         ETRD.cpp
         EXOT.cpp
         Element.cpp
         코드를 생성하고 있습니다...
         컴파일하고 있습니다...
         FIGH.cpp
         FILT.cpp
         FIRE.cpp
         FIRW.cpp
         FOG.cpp
         FRAY.cpp
         FRME.cpp
         FRZW.cpp
         FRZZ.cpp
         FSEP.cpp
         FUSE.cpp
         FWRK.cpp
         GAS.cpp
         GBMB.cpp
         GEL.cpp
         GLAS.cpp
         GLOW.cpp
         GOLD.cpp
         GOO.cpp
         GPMP.cpp
         코드를 생성하고 있습니다...
         컴파일하고 있습니다...
         GRAV.cpp
         GUNP.cpp
         H2.cpp
         HSWC.cpp
         ICEI.cpp
         IGNT.cpp
         INSL.cpp
         INST.cpp
         INVIS.cpp
         INWR.cpp
         IRON.cpp
         ISOZ.cpp
         ISZS.cpp
         LAVA.cpp
         LCRY.cpp
         LIFE.cpp
         LIGH.cpp
         LNTG.cpp
         LO2.cpp
         LOLZ.cpp
         코드를 생성하고 있습니다...
         컴파일하고 있습니다...
         LOVE.cpp
         LRBD.cpp
         MERC.cpp
         METL.cpp
         MORT.cpp
         MWAX.cpp
         NBHL.cpp
         NBLE.cpp
         NEUT.cpp
         NICE.cpp
         NITR.cpp
         NONE.cpp
         NSCN.cpp
         NTCT.cpp
         NWHL.cpp
         O2.cpp
         OIL.cpp
         PBCN.cpp
         PCLN.cpp
         PHOT.cpp
         코드를 생성하고 있습니다...
         컴파일하고 있습니다...
         PIPE.cpp
         PLEX.cpp
         PLNT.cpp
         PLSM.cpp
         PLUT.cpp
         PPIP.cpp
         PQRT.cpp
         PROT.cpp
         PRTI.cpp
         PRTO.cpp
         PSCN.cpp
         PSNS.cpp
         PSTE.cpp
         PSTN.cpp
         PSTS.cpp
         PTCT.cpp
         PUMP.cpp
         PVOD.cpp
         QRTZ.cpp
         RBDM.cpp
         코드를 생성하고 있습니다...
         컴파일하고 있습니다...
         REPL.cpp
         RIME.cpp
         SALT.cpp
         SAND.cpp
         SHLD1.cpp
         SHLD2.cpp
         SHLD3.cpp
         SHLD4.cpp
         SING.cpp
         SLTW.cpp
         SMKE.cpp
         SNOW.cpp
         SOAP.cpp
         SPAWN.cpp
         SPAWN2.cpp
         SPNG.cpp
         SPRK.cpp
         STKM.cpp
         STKM2.cpp
         STNE.cpp
         코드를 생성하고 있습니다...
         컴파일하고 있습니다...
         STOR.cpp
         SWCH.cpp
         TESC.cpp
         THDR.cpp
         THRM.cpp
         TRON.cpp
         TSNS.cpp
         TTAN.cpp
         TUNG.cpp
         URAN.cpp
         VIBR.cpp
         VINE.cpp
         VIRS.cpp
         VOID.cpp
         VRSG.cpp
         VRSS.cpp
         WARP.cpp
         WATR.cpp
         WAX.cpp
         WHOL.cpp
         코드를 생성하고 있습니다...
         컴파일하고 있습니다...
         WIFI.cpp
         WIRE.cpp
         WOOD.cpp
         WTRV.cpp
         YEST.cpp
         AirTool.cpp
         Cool.cpp
         Heat.cpp
         NGrv.cpp
         PGrv.cpp
         SimTool.cpp
         Vac.cpp
         socket.lua.cpp
         Task.cpp
         TaskWindow.cpp
         코드를 생성하고 있습니다...
         C:\Program Files (x86)\Microsoft Visual Studio 11.0\VC\bin\CL.exe /c /Zi /nologo /W0 /WX- /O2 /Oy- /D WIN32 /D NDEBUG /D _WINDOWS /D WIN /D X86 /D X86_SSE2 /D USE_SDL /D STABLE /D GRAVFFT /D LUACONSOLE /D _SCL_SECURE_NO_WARNINGS /Gm- /EHsc /MD /GS /fp:fast /Zc:wchar_t /Zc:forScope /Fo"Release\\" /Fd"Release\vc110.pdb" /Gd /TC /analyze- /errorReport:prompt src\socket\auxiliar.c src\socket\buffer.c src\socket\except.c src\socket\inet.c src\socket\io.c src\socket\luasocket.c src\socket\options.c src\socket\select.c src\socket\tcp.c src\socket\timeout.c src\socket\udp.c src\socket\unix.c src\socket\usocket.c src\socket\wsocket.c
         auxiliar.c
         buffer.c
         except.c
         inet.c
         io.c
         luasocket.c
         options.c
         select.c
         tcp.c
         timeout.c
         udp.c
         unix.c
         usocket.c
         wsocket.c
         코드를 생성하고 있습니다...
       ResourceCompile:
         C:\Program Files (x86)\Windows Kits\8.0\bin\x86\rc.exe /l"0x0409" /nologo /fo"Release\powder-res.res" resources\powder-res.rc 
       Link:
         C:\Program Files (x86)\Microsoft Visual Studio 11.0\VC\bin\link.exe /ERRORREPORT:PROMPT /OUT:"C:\Users\haha\Desktop\모드\화면 확대\Build\tpt++.exe" /INCREMENTAL /NOLOGO shell32.lib ws2_32.lib SDL.lib SDLmain.lib libbz2.lib pthreadVC2.lib lua5.1.lib "libfftw3f-3.lib" regex.lib zlib.lib kernel32.lib user32.lib gdi32.lib winspool.lib comdlg32.lib advapi32.lib shell32.lib ole32.lib oleaut32.lib uuid.lib odbc32.lib odbccp32.lib /MANIFEST /MANIFESTUAC:"level='asInvoker' uiAccess='false'" /manifest:embed /DEBUG /PDB:"C:\Users\haha\Desktop\모드\화면 확대\Build\tpt++.pdb" /SUBSYSTEM:WINDOWS /OPT:REF /OPT:ICF /TLBID:1 /DYNAMICBASE /NXCOMPAT /IMPLIB:"C:\Users\haha\Desktop\모드\화면 확대\Build\tpt++.lib" /MACHINE:X86 /SAFESEH "Release\powder-res.res"
         Release\ElementClasses.obj
         Release\ToolClasses.obj
         Release\BSON.obj
         Release\elements.obj
         Release\reader.obj
         Release\writer.obj
         Release\Client.obj
         Release\GameSave.obj
         Release\HTTP.obj
         Release\MD5.obj
         Release\APIRequest.obj
         Release\ImageRequest.obj
         Release\RequestBroker.obj
         Release\ThumbRenderRequest.obj
         Release\WebRequest.obj
         Release\SaveFile.obj
         Release\SaveInfo.obj
         Release\ElementPopulation.obj
         Release\Format.obj
         Release\Graphics.obj
         Release\OpenGLGraphics.obj
         Release\RasterGraphics.obj
         Release\Renderer.obj
         Release\ColourPickerActivity.obj
         Release\ConsoleController.obj
         Release\ConsoleModel.obj
         Release\ConsoleView.obj
         Release\ConfirmPrompt.obj
         Release\ErrorMessage.obj
         Release\InformationMessage.obj
         Release\SaveIDMessage.obj
         Release\TextPrompt.obj
         Release\ElementSearchActivity.obj
         Release\FileBrowserActivity.obj
         Release\Brush.obj
         Release\GameController.obj
         Release\GameModel.obj
         Release\GameView.obj
         Release\PropertyTool.obj
         Release\SampleTool.obj
         Release\SignTool.obj
         Release\Tool.obj
         Release\ToolButton.obj
         Release\Appearance.obj
         Release\AvatarButton.obj
         Release\Button.obj
         Release\Checkbox.obj
         Release\Component.obj
         Release\ContextMenu.obj
         Release\CopyTextButton.obj
         Release\DropDown.obj
         Release\Engine.obj
         Release\Label.obj
         Release\Panel.obj
         Release\ProgressBar.obj
         Release\RichLabel.obj
         Release\SaveButton.obj
         Release\ScrollPanel.obj
         Release\Slider.obj
         Release\Spinner.obj
         Release\Textbox.obj
         Release\Window.obj
         Release\LocalBrowserController.obj
         Release\LocalBrowserModel.obj
         Release\LocalBrowserView.obj
         Release\LoginController.obj
         Release\LoginModel.obj
         Release\LoginView.obj
         Release\OptionsController.obj
         Release\OptionsModel.obj
         Release\OptionsView.obj
         Release\PreviewController.obj
         Release\PreviewModel.obj
         Release\PreviewView.obj
         Release\ProfileActivity.obj
         Release\RenderController.obj
         Release\RenderModel.obj
         Release\RenderView.obj
         Release\LocalSaveActivity.obj
         Release\ServerSaveActivity.obj
         Release\SearchController.obj
         Release\SearchModel.obj
         Release\SearchView.obj
         Release\Thumbnail.obj
         Release\Style.obj
         Release\TagsController.obj
         Release\TagsModel.obj
         Release\TagsView.obj
         Release\UpdateActivity.obj
         Release\CommandInterface.obj
         Release\LegacyLuaAPI.obj
         Release\LuaBit.obj
         Release\LuaButton.obj
         Release\LuaCheckbox.obj
         Release\LuaComponent.obj
         Release\LuaLabel.obj
         Release\LuaProgressBar.obj
         Release\LuaScriptInterface.obj
         Release\LuaSlider.obj
         Release\LuaTextbox.obj
         Release\LuaWindow.obj
         Release\TPTScriptInterface.obj
         Release\TPTSTypes.obj
         Release\Misc.obj
         Release\OpenGLCanvasWin32.obj
         Release\PowderToyJava.obj
         Release\PowderToyRenderer.obj
         Release\PowderToySDL.obj
         Release\resampler.obj
         Release\Air.obj
         Release\116.obj
         Release\146.obj
         Release\ACEL.obj
         Release\ACID.obj
         Release\AMTR.obj
         Release\ANAR.obj
         Release\ARAY.obj
         Release\BANG.obj
         Release\BCLN.obj
         Release\BCOL.obj
         Release\BGLA.obj
         Release\BHOL.obj
         Release\BIZR.obj
         Release\BIZRG.obj
         Release\BIZRS.obj
         Release\BMTL.obj
         Release\BOMB.obj
         Release\BOYL.obj
         Release\BRAY.obj
         Release\BRCK.obj
         Release\BREC.obj
         Release\BRMT.obj
         Release\BTRY.obj
         Release\BVBR.obj
         Release\C5.obj
         Release\CAUS.obj
         Release\CBNW.obj
         Release\CFLM.obj
         Release\CLNE.obj
         Release\CLST.obj
         Release\CNCT.obj
         Release\CO2.obj
         Release\COAL.obj
         Release\CONV.obj
         Release\CRAY.obj
         Release\DCEL.obj
         Release\DESL.obj
         Release\DEST.obj
         Release\DEUT.obj
         Release\DLAY.obj
         Release\DMG.obj
         Release\DMND.obj
         Release\DRIC.obj
         Release\DSTW.obj
         Release\DTEC.obj
         Release\DUST.obj
         Release\DYST.obj
         Release\ELEC.obj
         Release\Element.obj
         Release\EMBR.obj
         Release\EMP.obj
         Release\ETRD.obj
         Release\EXOT.obj
         Release\FIGH.obj
         Release\FILT.obj
         Release\FIRE.obj
         Release\FIRW.obj
         Release\FOG.obj
         Release\FRAY.obj
         Release\FRME.obj
         Release\FRZW.obj
         Release\FRZZ.obj
         Release\FSEP.obj
         Release\FUSE.obj
         Release\FWRK.obj
         Release\GAS.obj
         Release\GBMB.obj
         Release\GEL.obj
         Release\GLAS.obj
         Release\GLOW.obj
         Release\GOLD.obj
         Release\GOO.obj
         Release\GPMP.obj
         Release\GRAV.obj
         Release\GUNP.obj
         Release\H2.obj
         Release\HSWC.obj
         Release\ICEI.obj
         Release\IGNT.obj
         Release\INSL.obj
         Release\INST.obj
         Release\INVIS.obj
         Release\INWR.obj
         Release\IRON.obj
         Release\ISOZ.obj
         Release\ISZS.obj
         Release\LAVA.obj
         Release\LCRY.obj
         Release\LIFE.obj
         Release\LIGH.obj
         Release\LNTG.obj
         Release\LO2.obj
         Release\LOLZ.obj
         Release\LOVE.obj
         Release\LRBD.obj
         Release\MERC.obj
         Release\METL.obj
         Release\MORT.obj
         Release\MWAX.obj
         Release\NBHL.obj
         Release\NBLE.obj
         Release\NEUT.obj
         Release\NICE.obj
         Release\NITR.obj
         Release\NONE.obj
         Release\NSCN.obj
         Release\NTCT.obj
         Release\NWHL.obj
         Release\O2.obj
         Release\OIL.obj
         Release\PBCN.obj
         Release\PCLN.obj
         Release\PHOT.obj
         Release\PIPE.obj
         Release\PLEX.obj
         Release\PLNT.obj
         Release\PLSM.obj
         Release\PLUT.obj
         Release\PPIP.obj
         Release\PQRT.obj
         Release\PROT.obj
         Release\PRTI.obj
         Release\PRTO.obj
         Release\PSCN.obj
         Release\PSNS.obj
         Release\PSTE.obj
         Release\PSTN.obj
         Release\PSTS.obj
         Release\PTCT.obj
         Release\PUMP.obj
         Release\PVOD.obj
         Release\QRTZ.obj
         Release\RBDM.obj
         Release\REPL.obj
         Release\RIME.obj
         Release\SALT.obj
         Release\SAND.obj
         Release\SHLD1.obj
         Release\SHLD2.obj
         Release\SHLD3.obj
         Release\SHLD4.obj
         Release\SING.obj
         Release\SLTW.obj
         Release\SMKE.obj
         Release\SNOW.obj
         Release\SOAP.obj
         Release\SPAWN.obj
         Release\SPAWN2.obj
         Release\SPNG.obj
         Release\SPRK.obj
         Release\STKM.obj
         Release\STKM2.obj
         Release\STNE.obj
         Release\STOR.obj
         Release\SWCH.obj
         Release\TESC.obj
         Release\THDR.obj
         Release\THRM.obj
         Release\TRON.obj
         Release\TSNS.obj
         Release\TTAN.obj
         Release\TUNG.obj
         Release\URAN.obj
         Release\VIBR.obj
         Release\VINE.obj
         Release\VIRS.obj
         Release\VOID.obj
         Release\VRSG.obj
         Release\VRSS.obj
         Release\WARP.obj
         Release\WATR.obj
         Release\WAX.obj
         Release\WHOL.obj
         Release\WIFI.obj
         Release\WIRE.obj
         Release\WOOD.obj
         Release\WTRV.obj
         Release\YEST.obj
         Release\Gravity.obj
         Release\Particle.obj
         Release\SaveRenderer.obj
         Release\Sign.obj
         Release\AirTool.obj
         Release\Cool.obj
         Release\Heat.obj
         Release\NGrv.obj
         Release\PGrv.obj
         Release\SimTool.obj
         Release\Vac.obj
         Release\Simulation.obj
         Release\SimulationData.obj
         Release\auxiliar.obj
         Release\buffer.obj
         Release\except.obj
         Release\inet.obj
         Release\io.obj
         Release\luasocket.obj
         Release\options.obj
         Release\select.obj
         Release\socket.lua.obj
         Release\tcp.obj
         Release\timeout.obj
         Release\udp.obj
         Release\unix.obj
         Release\usocket.obj
         Release\wsocket.obj
         Release\Task.obj
         Release\TaskWindow.obj
         Release\Update.obj
     1>LINK : warning LNK4075: '/INCREMENTAL'이(가) '/OPT:ICF' 사양으로 인해 무시됩니다.
         tpt++.vcxproj -> C:\Users\haha\Desktop\모드\화면 확대\Build\tpt++.exe
     1>"C:\Users\haha\Desktop\모드\화면 확대\tpt++.vcxproj" 프로젝트를 빌드했습니다(Build 대상).

빌드했습니다.

경과 시간: 00:03:21.05
